{"/home/travis/build/npmtest/node-npmtest-vs-mda-remote/test.js":{"path":"/home/travis/build/npmtest/node-npmtest-vs-mda-remote/test.js","s":{"1":2,"2":2,"3":2,"4":2,"5":2,"6":2,"7":2,"8":1,"9":2,"10":2,"11":1,"12":1,"13":1,"14":1,"15":2,"16":2,"17":2,"18":2,"19":1,"20":1,"21":2,"22":2,"23":2,"24":1,"25":1,"26":1,"27":1,"28":1,"29":1,"30":1,"31":1,"32":1,"33":1,"34":1,"35":1,"36":1,"37":1,"38":1,"39":2,"40":2,"41":1,"42":2,"43":2,"44":1,"45":2,"46":2,"47":1,"48":2,"49":2,"50":1,"51":1,"52":1,"53":1,"54":1},"b":{"1":[2,1,1,1],"2":[1,1,1,1],"3":[1,1],"4":[1,1],"5":[1,1],"6":[1,1],"7":[1,1],"8":[1,1],"9":[1,1],"10":[1,1,1],"11":[1,1],"12":[1,1],"13":[1,1],"14":[1,1],"15":[1,1],"16":[1,1],"17":[1,1]},"f":{"1":2,"2":2,"3":2,"4":2,"5":2,"6":1,"7":1,"8":1,"9":2,"10":2,"11":2,"12":2,"13":1},"fnMap":{"1":{"name":"(anonymous_1)","line":12,"loc":{"start":{"line":12,"column":1},"end":{"line":12,"column":13}}},"2":{"name":"(anonymous_2)","line":19,"loc":{"start":{"line":19,"column":5},"end":{"line":19,"column":17}}},"3":{"name":"(anonymous_3)","line":23,"loc":{"start":{"line":23,"column":24},"end":{"line":23,"column":36}}},"4":{"name":"(anonymous_4)","line":61,"loc":{"start":{"line":61,"column":5},"end":{"line":61,"column":17}}},"5":{"name":"(anonymous_5)","line":82,"loc":{"start":{"line":82,"column":5},"end":{"line":82,"column":17}}},"6":{"name":"(anonymous_6)","line":91,"loc":{"start":{"line":91,"column":77},"end":{"line":94,"column":10}}},"7":{"name":"(anonymous_7)","line":112,"loc":{"start":{"line":112,"column":83},"end":{"line":115,"column":10}},"skip":true},"8":{"name":"(anonymous_8)","line":123,"loc":{"start":{"line":123,"column":77},"end":{"line":126,"column":10}},"skip":true},"9":{"name":"(anonymous_9)","line":139,"loc":{"start":{"line":139,"column":12},"end":{"line":139,"column":40}},"skip":true},"10":{"name":"(anonymous_10)","line":147,"loc":{"start":{"line":147,"column":77},"end":{"line":150,"column":10}},"skip":true},"11":{"name":"(anonymous_11)","line":158,"loc":{"start":{"line":158,"column":83},"end":{"line":161,"column":10}},"skip":true},"12":{"name":"(anonymous_12)","line":169,"loc":{"start":{"line":169,"column":79},"end":{"line":172,"column":10}},"skip":true},"13":{"name":"(anonymous_13)","line":180,"loc":{"start":{"line":180,"column":75},"end":{"line":183,"column":10}},"skip":true}},"statementMap":{"1":{"start":{"line":12,"column":0},"end":{"line":195,"column":5}},"2":{"start":{"line":14,"column":4},"end":{"line":14,"column":14}},"3":{"start":{"line":19,"column":4},"end":{"line":56,"column":9}},"4":{"start":{"line":21,"column":8},"end":{"line":21,"column":19}},"5":{"start":{"line":23,"column":8},"end":{"line":35,"column":13}},"6":{"start":{"line":24,"column":12},"end":{"line":34,"column":13}},"7":{"start":{"line":25,"column":16},"end":{"line":28,"column":30}},"8":{"start":{"line":30,"column":16},"end":{"line":33,"column":27}},"9":{"start":{"line":37,"column":8},"end":{"line":39,"column":21}},"10":{"start":{"line":40,"column":8},"end":{"line":53,"column":9}},"11":{"start":{"line":43,"column":12},"end":{"line":46,"column":14}},"12":{"start":{"line":47,"column":12},"end":{"line":47,"column":18}},"13":{"start":{"line":50,"column":12},"end":{"line":51,"column":33}},"14":{"start":{"line":52,"column":12},"end":{"line":52,"column":18}},"15":{"start":{"line":55,"column":8},"end":{"line":55,"column":35}},"16":{"start":{"line":61,"column":4},"end":{"line":63,"column":9}},"17":{"start":{"line":62,"column":8},"end":{"line":62,"column":15}},"18":{"start":{"line":64,"column":4},"end":{"line":77,"column":5}},"19":{"start":{"line":70,"column":8},"end":{"line":70,"column":14}},"20":{"start":{"line":76,"column":8},"end":{"line":76,"column":14}},"21":{"start":{"line":82,"column":4},"end":{"line":84,"column":9}},"22":{"start":{"line":83,"column":8},"end":{"line":83,"column":15}},"23":{"start":{"line":85,"column":4},"end":{"line":194,"column":5}},"24":{"start":{"line":91,"column":8},"end":{"line":99,"column":10}},"25":{"start":{"line":98,"column":12},"end":{"line":98,"column":35}},"26":{"start":{"line":102,"column":8},"end":{"line":104,"column":63}},"27":{"start":{"line":105,"column":8},"end":{"line":105,"column":14}},"28":{"start":{"line":112,"column":8},"end":{"line":121,"column":10},"skip":true},"29":{"start":{"line":119,"column":12},"end":{"line":119,"column":55},"skip":true},"30":{"start":{"line":120,"column":12},"end":{"line":120,"column":48},"skip":true},"31":{"start":{"line":123,"column":8},"end":{"line":136,"column":10},"skip":true},"32":{"start":{"line":130,"column":12},"end":{"line":130,"column":76},"skip":true},"33":{"start":{"line":131,"column":12},"end":{"line":131,"column":73},"skip":true},"34":{"start":{"line":132,"column":12},"end":{"line":132,"column":74},"skip":true},"35":{"start":{"line":133,"column":12},"end":{"line":133,"column":79},"skip":true},"36":{"start":{"line":134,"column":12},"end":{"line":134,"column":25},"skip":true},"37":{"start":{"line":135,"column":12},"end":{"line":135,"column":45},"skip":true},"38":{"start":{"line":138,"column":8},"end":{"line":145,"column":14},"skip":true},"39":{"start":{"line":143,"column":16},"end":{"line":143,"column":29},"skip":true},"40":{"start":{"line":144,"column":16},"end":{"line":144,"column":55},"skip":true},"41":{"start":{"line":147,"column":8},"end":{"line":156,"column":10},"skip":true},"42":{"start":{"line":154,"column":12},"end":{"line":154,"column":25},"skip":true},"43":{"start":{"line":155,"column":12},"end":{"line":155,"column":45},"skip":true},"44":{"start":{"line":158,"column":8},"end":{"line":167,"column":10},"skip":true},"45":{"start":{"line":165,"column":12},"end":{"line":165,"column":25},"skip":true},"46":{"start":{"line":166,"column":12},"end":{"line":166,"column":48},"skip":true},"47":{"start":{"line":169,"column":8},"end":{"line":178,"column":10},"skip":true},"48":{"start":{"line":176,"column":12},"end":{"line":176,"column":25},"skip":true},"49":{"start":{"line":177,"column":12},"end":{"line":177,"column":46},"skip":true},"50":{"start":{"line":180,"column":8},"end":{"line":189,"column":10},"skip":true},"51":{"start":{"line":187,"column":12},"end":{"line":187,"column":94},"skip":true},"52":{"start":{"line":188,"column":12},"end":{"line":188,"column":48},"skip":true},"53":{"start":{"line":192,"column":8},"end":{"line":192,"column":35},"skip":true},"54":{"start":{"line":193,"column":8},"end":{"line":193,"column":14},"skip":true}},"branchMap":{"1":{"line":25,"type":"binary-expr","locations":[{"start":{"line":25,"column":23},"end":{"line":25,"column":62}},{"start":{"line":26,"column":20},"end":{"line":26,"column":70}},{"start":{"line":27,"column":20},"end":{"line":27,"column":71}},{"start":{"line":28,"column":20},"end":{"line":28,"column":29}}]},"2":{"line":30,"type":"binary-expr","locations":[{"start":{"line":30,"column":23},"end":{"line":30,"column":37}},{"start":{"line":31,"column":20},"end":{"line":31,"column":61}},{"start":{"line":32,"column":20},"end":{"line":32,"column":70}},{"start":{"line":33,"column":20},"end":{"line":33,"column":26}}]},"3":{"line":37,"type":"cond-expr","locations":[{"start":{"line":38,"column":14},"end":{"line":38,"column":20}},{"start":{"line":39,"column":14},"end":{"line":39,"column":20}}]},"4":{"line":40,"type":"switch","locations":[{"start":{"line":42,"column":8},"end":{"line":47,"column":18}},{"start":{"line":49,"column":8},"end":{"line":52,"column":18}}]},"5":{"line":44,"type":"binary-expr","locations":[{"start":{"line":44,"column":16},"end":{"line":44,"column":44}},{"start":{"line":44,"column":48},"end":{"line":44,"column":66}}]},"6":{"line":50,"type":"binary-expr","locations":[{"start":{"line":50,"column":21},"end":{"line":50,"column":49}},{"start":{"line":50,"column":53},"end":{"line":50,"column":72}}]},"7":{"line":64,"type":"switch","locations":[{"start":{"line":69,"column":4},"end":{"line":70,"column":14}},{"start":{"line":75,"column":4},"end":{"line":76,"column":14}}]},"8":{"line":85,"type":"switch","locations":[{"start":{"line":90,"column":4},"end":{"line":105,"column":14}},{"start":{"line":111,"column":4},"end":{"line":193,"column":14},"skip":true}]},"9":{"line":91,"type":"binary-expr","locations":[{"start":{"line":91,"column":42},"end":{"line":91,"column":73}},{"start":{"line":91,"column":77},"end":{"line":99,"column":9}}]},"10":{"line":102,"type":"binary-expr","locations":[{"start":{"line":102,"column":18},"end":{"line":102,"column":32}},{"start":{"line":103,"column":12},"end":{"line":103,"column":53}},{"start":{"line":104,"column":12},"end":{"line":104,"column":61}}]},"11":{"line":112,"type":"binary-expr","locations":[{"start":{"line":112,"column":45},"end":{"line":112,"column":79},"skip":true},{"start":{"line":112,"column":83},"end":{"line":121,"column":9},"skip":true}]},"12":{"line":123,"type":"binary-expr","locations":[{"start":{"line":123,"column":42},"end":{"line":123,"column":73},"skip":true},{"start":{"line":123,"column":77},"end":{"line":136,"column":9},"skip":true}]},"13":{"line":138,"type":"binary-expr","locations":[{"start":{"line":138,"column":48},"end":{"line":138,"column":85},"skip":true},{"start":{"line":139,"column":12},"end":{"line":145,"column":13},"skip":true}]},"14":{"line":147,"type":"binary-expr","locations":[{"start":{"line":147,"column":42},"end":{"line":147,"column":73},"skip":true},{"start":{"line":147,"column":77},"end":{"line":156,"column":9},"skip":true}]},"15":{"line":158,"type":"binary-expr","locations":[{"start":{"line":158,"column":45},"end":{"line":158,"column":79},"skip":true},{"start":{"line":158,"column":83},"end":{"line":167,"column":9},"skip":true}]},"16":{"line":169,"type":"binary-expr","locations":[{"start":{"line":169,"column":43},"end":{"line":169,"column":75},"skip":true},{"start":{"line":169,"column":79},"end":{"line":178,"column":9},"skip":true}]},"17":{"line":180,"type":"binary-expr","locations":[{"start":{"line":180,"column":41},"end":{"line":180,"column":71},"skip":true},{"start":{"line":180,"column":75},"end":{"line":189,"column":9},"skip":true}]}},"code":["/* istanbul instrument in package npmtest_vs_mda_remote */","/*jslint","    bitwise: true,","    browser: true,","    maxerr: 8,","    maxlen: 96,","    node: true,","    nomen: true,","    regexp: true,","    stupid: true","*/","(function () {","    'use strict';","    var local;","","","","    // run shared js-env code - pre-init","    (function () {","        // init local","        local = {};","        // init modeJs","        local.modeJs = (function () {","            try {","                return typeof navigator.userAgent === 'string' &&","                    typeof document.querySelector('body') === 'object' &&","                    typeof XMLHttpRequest.prototype.open === 'function' &&","                    'browser';","            } catch (errorCaughtBrowser) {","                return module.exports &&","                    typeof process.versions.node === 'string' &&","                    typeof require('http').createServer === 'function' &&","                    'node';","            }","        }());","        // init global","        local.global = local.modeJs === 'browser'","            ? window","            : global;","        switch (local.modeJs) {","        // re-init local from window.local","        case 'browser':","            local = local.global.utility2.objectSetDefault(","                local.global.utility2_rollup || local.global.local,","                local.global.utility2","            );","            break;","        // re-init local from example.js","        case 'node':","            local = (local.global.utility2_rollup || require('utility2'))","                .requireReadme();","            break;","        }","        // export local","        local.global.local = local;","    }());","","","","    // run shared js-env code - function","    (function () {","        return;","    }());","    switch (local.modeJs) {","","","","    // run browser js-env code - function","    case 'browser':","        break;","","","","    // run node js-env code - function","    case 'node':","        break;","    }","","","","    // run shared js-env code - post-init","    (function () {","        return;","    }());","    switch (local.modeJs) {","","","","    // run browser js-env code - post-init","    case 'browser':","        local.testCase_browser_nullCase = local.testCase_browser_nullCase || function (","            options,","            onError","        ) {","        /*","         * this function will test browsers's null-case handling-behavior-behavior","         */","            onError(null, options);","        };","","        // run tests","        local.nop(local.modeTest &&","            document.querySelector('#testRunButton1') &&","            document.querySelector('#testRunButton1').click());","        break;","","","","    // run node js-env code - post-init","    /* istanbul ignore next */","    case 'node':","        local.testCase_buildApidoc_default = local.testCase_buildApidoc_default || function (","            options,","            onError","        ) {","        /*","         * this function will test buildApidoc's default handling-behavior-behavior","         */","            options = { modulePathList: module.paths };","            local.buildApidoc(options, onError);","        };","","        local.testCase_buildApp_default = local.testCase_buildApp_default || function (","            options,","            onError","        ) {","        /*","         * this function will test buildApp's default handling-behavior-behavior","         */","            local.testCase_buildReadme_default(options, local.onErrorThrow);","            local.testCase_buildLib_default(options, local.onErrorThrow);","            local.testCase_buildTest_default(options, local.onErrorThrow);","            local.testCase_buildCustomOrg_default(options, local.onErrorThrow);","            options = [];","            local.buildApp(options, onError);","        };","","        local.testCase_buildCustomOrg_default = local.testCase_buildCustomOrg_default ||","            function (options, onError) {","            /*","             * this function will test buildCustomOrg's default handling-behavior","             */","                options = {};","                local.buildCustomOrg(options, onError);","            };","","        local.testCase_buildLib_default = local.testCase_buildLib_default || function (","            options,","            onError","        ) {","        /*","         * this function will test buildLib's default handling-behavior","         */","            options = {};","            local.buildLib(options, onError);","        };","","        local.testCase_buildReadme_default = local.testCase_buildReadme_default || function (","            options,","            onError","        ) {","        /*","         * this function will test buildReadme's default handling-behavior-behavior","         */","            options = {};","            local.buildReadme(options, onError);","        };","","        local.testCase_buildTest_default = local.testCase_buildTest_default || function (","            options,","            onError","        ) {","        /*","         * this function will test buildTest's default handling-behavior","         */","            options = {};","            local.buildTest(options, onError);","        };","","        local.testCase_webpage_default = local.testCase_webpage_default || function (","            options,","            onError","        ) {","        /*","         * this function will test webpage's default handling-behavior","         */","            options = { modeCoverageMerge: true, url: local.serverLocalHost + '?modeTest=1' };","            local.browserTest(options, onError);","        };","","        // run test-server","        local.testRunServer(local);","        break;","    }","}());",""],"l":{"12":2,"14":2,"19":2,"21":2,"23":2,"24":2,"25":2,"30":1,"37":2,"40":2,"43":1,"47":1,"50":1,"52":1,"55":2,"61":2,"62":2,"64":2,"70":1,"76":1,"82":2,"83":2,"85":2,"91":1,"98":1,"102":1,"105":1,"112":1,"119":1,"120":1,"123":1,"130":1,"131":1,"132":1,"133":1,"134":1,"135":1,"138":1,"143":2,"144":2,"147":1,"154":2,"155":2,"158":1,"165":2,"166":2,"169":1,"176":2,"177":2,"180":1,"187":1,"188":1,"192":1,"193":1}},"/home/travis/build/npmtest/node-npmtest-vs-mda-remote/lib.npmtest_vs_mda_remote.js":{"path":"/home/travis/build/npmtest/node-npmtest-vs-mda-remote/lib.npmtest_vs_mda_remote.js","s":{"1":2,"2":2,"3":2,"4":2,"5":2,"6":2,"7":2,"8":1,"9":2,"10":2,"11":2,"12":2,"13":1,"14":1,"15":1,"16":1},"b":{"1":[2,1,1,1],"2":[1,1,1,1],"3":[1,1],"4":[2,2],"5":[1,1]},"f":{"1":2,"2":2,"3":2},"fnMap":{"1":{"name":"(anonymous_1)","line":12,"loc":{"start":{"line":12,"column":1},"end":{"line":12,"column":13}}},"2":{"name":"(anonymous_2)","line":19,"loc":{"start":{"line":19,"column":5},"end":{"line":19,"column":17}}},"3":{"name":"(anonymous_3)","line":23,"loc":{"start":{"line":23,"column":24},"end":{"line":23,"column":36}}}},"statementMap":{"1":{"start":{"line":12,"column":0},"end":{"line":53,"column":5}},"2":{"start":{"line":14,"column":4},"end":{"line":14,"column":14}},"3":{"start":{"line":19,"column":4},"end":{"line":52,"column":9}},"4":{"start":{"line":21,"column":8},"end":{"line":21,"column":19}},"5":{"start":{"line":23,"column":8},"end":{"line":35,"column":13}},"6":{"start":{"line":24,"column":12},"end":{"line":34,"column":13}},"7":{"start":{"line":25,"column":16},"end":{"line":28,"column":30}},"8":{"start":{"line":30,"column":16},"end":{"line":33,"column":27}},"9":{"start":{"line":37,"column":8},"end":{"line":39,"column":21}},"10":{"start":{"line":41,"column":8},"end":{"line":41,"column":54}},"11":{"start":{"line":43,"column":8},"end":{"line":43,"column":58}},"12":{"start":{"line":45,"column":8},"end":{"line":51,"column":9}},"13":{"start":{"line":46,"column":12},"end":{"line":46,"column":64}},"14":{"start":{"line":48,"column":12},"end":{"line":48,"column":35}},"15":{"start":{"line":49,"column":12},"end":{"line":49,"column":49}},"16":{"start":{"line":50,"column":12},"end":{"line":50,"column":43}}},"branchMap":{"1":{"line":25,"type":"binary-expr","locations":[{"start":{"line":25,"column":23},"end":{"line":25,"column":62}},{"start":{"line":26,"column":20},"end":{"line":26,"column":70}},{"start":{"line":27,"column":20},"end":{"line":27,"column":71}},{"start":{"line":28,"column":20},"end":{"line":28,"column":29}}]},"2":{"line":30,"type":"binary-expr","locations":[{"start":{"line":30,"column":23},"end":{"line":30,"column":37}},{"start":{"line":31,"column":20},"end":{"line":31,"column":61}},{"start":{"line":32,"column":20},"end":{"line":32,"column":70}},{"start":{"line":33,"column":20},"end":{"line":33,"column":26}}]},"3":{"line":37,"type":"cond-expr","locations":[{"start":{"line":38,"column":14},"end":{"line":38,"column":20}},{"start":{"line":39,"column":14},"end":{"line":39,"column":20}}]},"4":{"line":41,"type":"binary-expr","locations":[{"start":{"line":41,"column":16},"end":{"line":41,"column":44}},{"start":{"line":41,"column":48},"end":{"line":41,"column":53}}]},"5":{"line":45,"type":"if","locations":[{"start":{"line":45,"column":8},"end":{"line":45,"column":8}},{"start":{"line":45,"column":8},"end":{"line":45,"column":8}}]}},"code":["/* istanbul instrument in package npmtest_vs_mda_remote */","/*jslint","    bitwise: true,","    browser: true,","    maxerr: 8,","    maxlen: 96,","    node: true,","    nomen: true,","    regexp: true,","    stupid: true","*/","(function () {","    'use strict';","    var local;","","","","    // run shared js-env code - pre-init","    (function () {","        // init local","        local = {};","        // init modeJs","        local.modeJs = (function () {","            try {","                return typeof navigator.userAgent === 'string' &&","                    typeof document.querySelector('body') === 'object' &&","                    typeof XMLHttpRequest.prototype.open === 'function' &&","                    'browser';","            } catch (errorCaughtBrowser) {","                return module.exports &&","                    typeof process.versions.node === 'string' &&","                    typeof require('http').createServer === 'function' &&","                    'node';","            }","        }());","        // init global","        local.global = local.modeJs === 'browser'","            ? window","            : global;","        // init utility2_rollup","        local = local.global.utility2_rollup || local;","        // init lib","        local.local = local.npmtest_vs_mda_remote = local;","        // init exports","        if (local.modeJs === 'browser') {","            local.global.utility2_npmtest_vs_mda_remote = local;","        } else {","            module.exports = local;","            module.exports.__dirname = __dirname;","            module.exports.module = module;","        }","    }());","}());",""],"l":{"12":2,"14":2,"19":2,"21":2,"23":2,"24":2,"25":2,"30":1,"37":2,"41":2,"43":2,"45":2,"46":1,"48":1,"49":1,"50":1}},"/home/travis/build/npmtest/node-npmtest-vs-mda-remote/example.js":{"path":"/home/travis/build/npmtest/node-npmtest-vs-mda-remote/example.js","s":{"1":2,"2":2,"3":2,"4":2,"5":2,"6":2,"7":2,"8":1,"9":2,"10":2,"11":2,"12":2,"13":1,"14":2,"15":2,"16":2,"17":2,"18":2,"19":0,"20":2,"21":1,"22":1,"23":1,"24":1,"25":1,"26":0,"27":0,"28":1,"29":1,"30":2,"31":0,"32":0,"33":0,"34":1,"35":2,"36":2,"37":3,"38":3,"39":3,"40":3,"41":0,"42":3,"43":3,"44":3,"45":1,"46":3,"47":1,"48":1,"49":1,"50":1,"51":1,"52":1,"53":1,"54":1,"55":1,"56":1,"57":0,"58":1,"59":6,"60":6,"61":1,"62":2,"63":0,"64":2,"65":1,"66":1,"67":0,"68":0,"69":0,"70":0,"71":0,"72":0,"73":0,"74":0,"75":0,"76":0,"77":0,"78":0,"79":0,"80":0,"81":0,"82":0,"83":0},"b":{"1":[2,1,1,1],"2":[1,1,1,1],"3":[1,1],"4":[2,2],"5":[1,1],"6":[1,1],"7":[2,0],"8":[2,1,1,1,1,1],"9":[0,2,0],"10":[1,1],"11":[2,1,1],"12":[1,0],"13":[0,2],"14":[2,0,0,0,0,0,0],"15":[0,3],"16":[3,0],"17":[1,1],"18":[0,1],"19":[1,2,0,2],"20":[1,0],"21":[1,1],"22":[0,0],"23":[0,0],"24":[0,0],"25":[0,0],"26":[0,0],"27":[0,0],"28":[0,0]},"f":{"1":2,"2":2,"3":2,"4":2,"5":2,"6":2,"7":3,"8":3,"9":3,"10":1,"11":6,"12":0},"fnMap":{"1":{"name":"(anonymous_1)","line":26,"loc":{"start":{"line":26,"column":1},"end":{"line":26,"column":13}}},"2":{"name":"(anonymous_2)","line":33,"loc":{"start":{"line":33,"column":5},"end":{"line":33,"column":17}}},"3":{"name":"(anonymous_3)","line":37,"loc":{"start":{"line":37,"column":24},"end":{"line":37,"column":36}}},"4":{"name":"(anonymous_4)","line":69,"loc":{"start":{"line":69,"column":31},"end":{"line":69,"column":48}},"skip":true},"5":{"name":"(anonymous_5)","line":78,"loc":{"start":{"line":78,"column":26},"end":{"line":78,"column":45}},"skip":true},"6":{"name":"(anonymous_6)","line":123,"loc":{"start":{"line":123,"column":33},"end":{"line":123,"column":48}},"skip":true},"7":{"name":"(anonymous_7)","line":125,"loc":{"start":{"line":125,"column":27},"end":{"line":125,"column":39}},"skip":true},"8":{"name":"(anonymous_8)","line":133,"loc":{"start":{"line":133,"column":59},"end":{"line":133,"column":74}},"skip":true},"9":{"name":"(anonymous_9)","line":143,"loc":{"start":{"line":143,"column":45},"end":{"line":143,"column":62}},"skip":true},"10":{"name":"(anonymous_10)","line":144,"loc":{"start":{"line":144,"column":73},"end":{"line":144,"column":92}},"skip":true},"11":{"name":"(anonymous_11)","line":272,"loc":{"start":{"line":272,"column":51},"end":{"line":272,"column":77}},"skip":true},"12":{"name":"(anonymous_12)","line":315,"loc":{"start":{"line":315,"column":32},"end":{"line":315,"column":61}},"skip":true}},"statementMap":{"1":{"start":{"line":26,"column":0},"end":{"line":326,"column":5}},"2":{"start":{"line":28,"column":4},"end":{"line":28,"column":14}},"3":{"start":{"line":33,"column":4},"end":{"line":60,"column":9}},"4":{"start":{"line":35,"column":8},"end":{"line":35,"column":19}},"5":{"start":{"line":37,"column":8},"end":{"line":49,"column":13}},"6":{"start":{"line":38,"column":12},"end":{"line":48,"column":13}},"7":{"start":{"line":39,"column":16},"end":{"line":42,"column":30}},"8":{"start":{"line":44,"column":16},"end":{"line":47,"column":27}},"9":{"start":{"line":51,"column":8},"end":{"line":53,"column":21}},"10":{"start":{"line":55,"column":8},"end":{"line":57,"column":45}},"11":{"start":{"line":59,"column":8},"end":{"line":59,"column":35}},"12":{"start":{"line":61,"column":4},"end":{"line":325,"column":5}},"13":{"start":{"line":69,"column":8},"end":{"line":121,"column":10},"skip":true},"14":{"start":{"line":70,"column":12},"end":{"line":88,"column":13},"skip":true},"15":{"start":{"line":76,"column":16},"end":{"line":87,"column":19},"skip":true},"16":{"start":{"line":79,"column":20},"end":{"line":86,"column":21},"skip":true},"17":{"start":{"line":82,"column":24},"end":{"line":82,"column":43},"skip":true},"18":{"start":{"line":83,"column":24},"end":{"line":83,"column":30},"skip":true},"19":{"start":{"line":85,"column":24},"end":{"line":85,"column":49},"skip":true},"20":{"start":{"line":89,"column":12},"end":{"line":107,"column":13},"skip":true},"21":{"start":{"line":92,"column":16},"end":{"line":102,"column":17},"skip":true},"22":{"start":{"line":93,"column":20},"end":{"line":93,"column":86},"skip":true},"23":{"start":{"line":94,"column":20},"end":{"line":95,"column":45},"skip":true},"24":{"start":{"line":96,"column":20},"end":{"line":96,"column":42},"skip":true},"25":{"start":{"line":97,"column":20},"end":{"line":97,"column":48},"skip":true},"26":{"start":{"line":100,"column":20},"end":{"line":100,"column":85},"skip":true},"27":{"start":{"line":101,"column":20},"end":{"line":101,"column":96},"skip":true},"28":{"start":{"line":103,"column":16},"end":{"line":103,"column":22},"skip":true},"29":{"start":{"line":106,"column":16},"end":{"line":106,"column":22},"skip":true},"30":{"start":{"line":108,"column":12},"end":{"line":120,"column":13},"skip":true},"31":{"start":{"line":114,"column":16},"end":{"line":119,"column":17},"skip":true},"32":{"start":{"line":116,"column":20},"end":{"line":116,"column":78},"skip":true},"33":{"start":{"line":118,"column":20},"end":{"line":118,"column":47},"skip":true},"34":{"start":{"line":123,"column":8},"end":{"line":141,"column":11},"skip":true},"35":{"start":{"line":124,"column":12},"end":{"line":124,"column":54},"skip":true},"36":{"start":{"line":125,"column":12},"end":{"line":140,"column":14},"skip":true},"37":{"start":{"line":126,"column":16},"end":{"line":126,"column":28},"skip":true},"38":{"start":{"line":127,"column":16},"end":{"line":127,"column":69},"skip":true},"39":{"start":{"line":128,"column":16},"end":{"line":128,"column":75},"skip":true},"40":{"start":{"line":129,"column":16},"end":{"line":131,"column":17},"skip":true},"41":{"start":{"line":130,"column":20},"end":{"line":130,"column":27},"skip":true},"42":{"start":{"line":133,"column":16},"end":{"line":137,"column":36},"skip":true},"43":{"start":{"line":134,"column":20},"end":{"line":136,"column":55},"skip":true},"44":{"start":{"line":139,"column":16},"end":{"line":139,"column":57},"skip":true},"45":{"start":{"line":143,"column":8},"end":{"line":147,"column":11},"skip":true},"46":{"start":{"line":144,"column":12},"end":{"line":146,"column":15},"skip":true},"47":{"start":{"line":145,"column":16},"end":{"line":145,"column":70},"skip":true},"48":{"start":{"line":149,"column":8},"end":{"line":149,"column":31},"skip":true},"49":{"start":{"line":150,"column":8},"end":{"line":150,"column":14},"skip":true},"50":{"start":{"line":158,"column":8},"end":{"line":158,"column":31},"skip":true},"51":{"start":{"line":160,"column":8},"end":{"line":160,"column":33},"skip":true},"52":{"start":{"line":161,"column":8},"end":{"line":161,"column":37},"skip":true},"53":{"start":{"line":162,"column":8},"end":{"line":162,"column":35},"skip":true},"54":{"start":{"line":164,"column":8},"end":{"line":164,"column":50},"skip":true},"55":{"start":{"line":166,"column":8},"end":{"line":256,"column":2},"skip":true},"56":{"start":{"line":258,"column":8},"end":{"line":286,"column":9},"skip":true},"57":{"start":{"line":259,"column":12},"end":{"line":269,"column":14},"skip":true},"58":{"start":{"line":271,"column":12},"end":{"line":285,"column":19},"skip":true},"59":{"start":{"line":274,"column":20},"end":{"line":274,"column":35},"skip":true},"60":{"start":{"line":275,"column":20},"end":{"line":284,"column":21},"skip":true},"61":{"start":{"line":277,"column":24},"end":{"line":277,"column":64},"skip":true},"62":{"start":{"line":279,"column":24},"end":{"line":279,"column":40},"skip":true},"63":{"start":{"line":281,"column":24},"end":{"line":281,"column":40},"skip":true},"64":{"start":{"line":283,"column":24},"end":{"line":283,"column":39},"skip":true},"65":{"start":{"line":288,"column":8},"end":{"line":290,"column":9},"skip":true},"66":{"start":{"line":289,"column":12},"end":{"line":289,"column":18},"skip":true},"67":{"start":{"line":291,"column":8},"end":{"line":293,"column":54},"skip":true},"68":{"start":{"line":296,"column":8},"end":{"line":301,"column":37},"skip":true},"69":{"start":{"line":303,"column":8},"end":{"line":303,"column":82},"skip":true},"70":{"start":{"line":306,"column":8},"end":{"line":308,"column":9},"skip":true},"71":{"start":{"line":307,"column":12},"end":{"line":307,"column":82},"skip":true},"72":{"start":{"line":310,"column":8},"end":{"line":312,"column":9},"skip":true},"73":{"start":{"line":311,"column":12},"end":{"line":311,"column":18},"skip":true},"74":{"start":{"line":313,"column":8},"end":{"line":313,"column":54},"skip":true},"75":{"start":{"line":314,"column":8},"end":{"line":314,"column":69},"skip":true},"76":{"start":{"line":315,"column":8},"end":{"line":323,"column":36},"skip":true},"77":{"start":{"line":316,"column":12},"end":{"line":316,"column":61},"skip":true},"78":{"start":{"line":317,"column":12},"end":{"line":320,"column":13},"skip":true},"79":{"start":{"line":318,"column":16},"end":{"line":318,"column":75},"skip":true},"80":{"start":{"line":319,"column":16},"end":{"line":319,"column":23},"skip":true},"81":{"start":{"line":321,"column":12},"end":{"line":321,"column":38},"skip":true},"82":{"start":{"line":322,"column":12},"end":{"line":322,"column":27},"skip":true},"83":{"start":{"line":324,"column":8},"end":{"line":324,"column":14},"skip":true}},"branchMap":{"1":{"line":39,"type":"binary-expr","locations":[{"start":{"line":39,"column":23},"end":{"line":39,"column":62}},{"start":{"line":40,"column":20},"end":{"line":40,"column":70}},{"start":{"line":41,"column":20},"end":{"line":41,"column":71}},{"start":{"line":42,"column":20},"end":{"line":42,"column":29}}]},"2":{"line":44,"type":"binary-expr","locations":[{"start":{"line":44,"column":23},"end":{"line":44,"column":37}},{"start":{"line":45,"column":20},"end":{"line":45,"column":61}},{"start":{"line":46,"column":20},"end":{"line":46,"column":70}},{"start":{"line":47,"column":20},"end":{"line":47,"column":26}}]},"3":{"line":51,"type":"cond-expr","locations":[{"start":{"line":52,"column":14},"end":{"line":52,"column":20}},{"start":{"line":53,"column":14},"end":{"line":53,"column":20}}]},"4":{"line":55,"type":"binary-expr","locations":[{"start":{"line":55,"column":16},"end":{"line":55,"column":44}},{"start":{"line":55,"column":49},"end":{"line":57,"column":43}}]},"5":{"line":55,"type":"cond-expr","locations":[{"start":{"line":56,"column":14},"end":{"line":56,"column":57}},{"start":{"line":57,"column":14},"end":{"line":57,"column":43}}]},"6":{"line":61,"type":"switch","locations":[{"start":{"line":68,"column":4},"end":{"line":150,"column":14},"skip":true},{"start":{"line":156,"column":4},"end":{"line":324,"column":14},"skip":true}]},"7":{"line":70,"type":"if","locations":[{"start":{"line":70,"column":12},"end":{"line":70,"column":12},"skip":true},{"start":{"line":70,"column":12},"end":{"line":70,"column":12},"skip":true}]},"8":{"line":70,"type":"binary-expr","locations":[{"start":{"line":70,"column":16},"end":{"line":70,"column":22},"skip":true},{"start":{"line":70,"column":27},"end":{"line":70,"column":32},"skip":true},{"start":{"line":71,"column":20},"end":{"line":71,"column":39},"skip":true},{"start":{"line":72,"column":20},"end":{"line":72,"column":49},"skip":true},{"start":{"line":73,"column":20},"end":{"line":73,"column":58},"skip":true},{"start":{"line":74,"column":20},"end":{"line":74,"column":69},"skip":true}]},"9":{"line":79,"type":"switch","locations":[{"start":{"line":80,"column":20},"end":{"line":80,"column":33},"skip":true},{"start":{"line":81,"column":20},"end":{"line":83,"column":30},"skip":true},{"start":{"line":84,"column":20},"end":{"line":85,"column":49},"skip":true}]},"10":{"line":89,"type":"switch","locations":[{"start":{"line":90,"column":12},"end":{"line":103,"column":22},"skip":true},{"start":{"line":105,"column":12},"end":{"line":106,"column":22},"skip":true}]},"11":{"line":89,"type":"binary-expr","locations":[{"start":{"line":89,"column":20},"end":{"line":89,"column":25},"skip":true},{"start":{"line":89,"column":29},"end":{"line":89,"column":48},"skip":true},{"start":{"line":89,"column":52},"end":{"line":89,"column":74},"skip":true}]},"12":{"line":92,"type":"if","locations":[{"start":{"line":92,"column":16},"end":{"line":92,"column":16},"skip":true},{"start":{"line":92,"column":16},"end":{"line":92,"column":16},"skip":true}]},"13":{"line":108,"type":"if","locations":[{"start":{"line":108,"column":12},"end":{"line":108,"column":12},"skip":true},{"start":{"line":108,"column":12},"end":{"line":108,"column":12},"skip":true}]},"14":{"line":108,"type":"binary-expr","locations":[{"start":{"line":108,"column":16},"end":{"line":108,"column":61},"skip":true},{"start":{"line":108,"column":66},"end":{"line":108,"column":72},"skip":true},{"start":{"line":108,"column":77},"end":{"line":108,"column":82},"skip":true},{"start":{"line":109,"column":20},"end":{"line":109,"column":39},"skip":true},{"start":{"line":110,"column":20},"end":{"line":110,"column":49},"skip":true},{"start":{"line":111,"column":20},"end":{"line":111,"column":58},"skip":true},{"start":{"line":112,"column":20},"end":{"line":112,"column":68},"skip":true}]},"15":{"line":129,"type":"if","locations":[{"start":{"line":129,"column":16},"end":{"line":129,"column":16},"skip":true},{"start":{"line":129,"column":16},"end":{"line":129,"column":16},"skip":true}]},"16":{"line":134,"type":"cond-expr","locations":[{"start":{"line":135,"column":26},"end":{"line":135,"column":29},"skip":true},{"start":{"line":136,"column":26},"end":{"line":136,"column":54},"skip":true}]},"17":{"line":164,"type":"binary-expr","locations":[{"start":{"line":164,"column":27},"end":{"line":164,"column":43},"skip":true},{"start":{"line":164,"column":47},"end":{"line":164,"column":49},"skip":true}]},"18":{"line":258,"type":"if","locations":[{"start":{"line":258,"column":8},"end":{"line":258,"column":8},"skip":true},{"start":{"line":258,"column":8},"end":{"line":258,"column":8},"skip":true}]},"19":{"line":275,"type":"switch","locations":[{"start":{"line":276,"column":20},"end":{"line":277,"column":64},"skip":true},{"start":{"line":278,"column":20},"end":{"line":279,"column":40},"skip":true},{"start":{"line":280,"column":20},"end":{"line":281,"column":40},"skip":true},{"start":{"line":282,"column":20},"end":{"line":283,"column":39},"skip":true}]},"20":{"line":288,"type":"if","locations":[{"start":{"line":288,"column":8},"end":{"line":288,"column":8},"skip":true},{"start":{"line":288,"column":8},"end":{"line":288,"column":8},"skip":true}]},"21":{"line":288,"type":"binary-expr","locations":[{"start":{"line":288,"column":12},"end":{"line":288,"column":40},"skip":true},{"start":{"line":288,"column":44},"end":{"line":288,"column":67},"skip":true}]},"22":{"line":292,"type":"binary-expr","locations":[{"start":{"line":292,"column":12},"end":{"line":292,"column":50},"skip":true},{"start":{"line":293,"column":12},"end":{"line":293,"column":53},"skip":true}]},"23":{"line":297,"type":"binary-expr","locations":[{"start":{"line":297,"column":12},"end":{"line":297,"column":71},"skip":true},{"start":{"line":298,"column":12},"end":{"line":301,"column":36},"skip":true}]},"24":{"line":303,"type":"binary-expr","locations":[{"start":{"line":303,"column":43},"end":{"line":303,"column":75},"skip":true},{"start":{"line":303,"column":79},"end":{"line":303,"column":81},"skip":true}]},"25":{"line":306,"type":"if","locations":[{"start":{"line":306,"column":8},"end":{"line":306,"column":8},"skip":true},{"start":{"line":306,"column":8},"end":{"line":306,"column":8},"skip":true}]},"26":{"line":310,"type":"if","locations":[{"start":{"line":310,"column":8},"end":{"line":310,"column":8},"skip":true},{"start":{"line":310,"column":8},"end":{"line":310,"column":8},"skip":true}]},"27":{"line":313,"type":"binary-expr","locations":[{"start":{"line":313,"column":27},"end":{"line":313,"column":43},"skip":true},{"start":{"line":313,"column":47},"end":{"line":313,"column":53},"skip":true}]},"28":{"line":317,"type":"if","locations":[{"start":{"line":317,"column":12},"end":{"line":317,"column":12},"skip":true},{"start":{"line":317,"column":12},"end":{"line":317,"column":12},"skip":true}]}},"code":["/*","example.js","","quickstart example","","instruction","    1. save this script as example.js","    2. run the shell command:","        $ npm install npmtest-vs-mda-remote && PORT=8081 node example.js","    3. play with the browser-demo on http://127.0.0.1:8081","*/","","","","/* istanbul instrument in package npmtest_vs_mda_remote */","/*jslint","    bitwise: true,","    browser: true,","    maxerr: 8,","    maxlen: 96,","    node: true,","    nomen: true,","    regexp: true,","    stupid: true","*/","(function () {","    'use strict';","    var local;","","","","    // run shared js-env code - pre-init","    (function () {","        // init local","        local = {};","        // init modeJs","        local.modeJs = (function () {","            try {","                return typeof navigator.userAgent === 'string' &&","                    typeof document.querySelector('body') === 'object' &&","                    typeof XMLHttpRequest.prototype.open === 'function' &&","                    'browser';","            } catch (errorCaughtBrowser) {","                return module.exports &&","                    typeof process.versions.node === 'string' &&","                    typeof require('http').createServer === 'function' &&","                    'node';","            }","        }());","        // init global","        local.global = local.modeJs === 'browser'","            ? window","            : global;","        // init utility2_rollup","        local = local.global.utility2_rollup || (local.modeJs === 'browser'","            ? local.global.utility2_npmtest_vs_mda_remote","            : global.utility2_moduleExports);","        // export local","        local.global.local = local;","    }());","    switch (local.modeJs) {","","","","    // post-init","    // run browser js-env code - post-init","    /* istanbul ignore next */","    case 'browser':","        local.testRunBrowser = function (event) {","            if (!event || (event &&","                    event.currentTarget &&","                    event.currentTarget.className &&","                    event.currentTarget.className.includes &&","                    event.currentTarget.className.includes('onreset'))) {","                // reset output","                Array.from(","                    document.querySelectorAll('body > .resettable')","                ).forEach(function (element) {","                    switch (element.tagName) {","                    case 'INPUT':","                    case 'TEXTAREA':","                        element.value = '';","                        break;","                    default:","                        element.textContent = '';","                    }","                });","            }","            switch (event && event.currentTarget && event.currentTarget.id) {","            case 'testRunButton1':","                // show tests","                if (document.querySelector('#testReportDiv1').style.display === 'none') {","                    document.querySelector('#testReportDiv1').style.display = 'block';","                    document.querySelector('#testRunButton1').textContent =","                        'hide internal test';","                    local.modeTest = true;","                    local.testRunDefault(local);","                // hide tests","                } else {","                    document.querySelector('#testReportDiv1').style.display = 'none';","                    document.querySelector('#testRunButton1').textContent = 'run internal test';","                }","                break;","            // custom-case","            default:","                break;","            }","            if (document.querySelector('#inputTextareaEval1') && (!event || (event &&","                    event.currentTarget &&","                    event.currentTarget.className &&","                    event.currentTarget.className.includes &&","                    event.currentTarget.className.includes('oneval')))) {","                // try to eval input-code","                try {","                    /*jslint evil: true*/","                    eval(document.querySelector('#inputTextareaEval1').value);","                } catch (errorCaught) {","                    console.error(errorCaught);","                }","            }","        };","        // log stderr and stdout to #outputTextareaStdout1","        ['error', 'log'].forEach(function (key) {","            console[key + '_original'] = console[key];","            console[key] = function () {","                var element;","                console[key + '_original'].apply(console, arguments);","                element = document.querySelector('#outputTextareaStdout1');","                if (!element) {","                    return;","                }","                // append text to #outputTextareaStdout1","                element.value += Array.from(arguments).map(function (arg) {","                    return typeof arg === 'string'","                        ? arg","                        : JSON.stringify(arg, null, 4);","                }).join(' ') + '\\n';","                // scroll textarea to bottom","                element.scrollTop = element.scrollHeight;","            };","        });","        // init event-handling","        ['change', 'click', 'keyup'].forEach(function (event) {","            Array.from(document.querySelectorAll('.on' + event)).forEach(function (element) {","                element.addEventListener(event, local.testRunBrowser);","            });","        });","        // run tests","        local.testRunBrowser();","        break;","","","","    // run node js-env code - post-init","    /* istanbul ignore next */","    case 'node':","        // export local","        module.exports = local;","        // require modules","        local.fs = require('fs');","        local.http = require('http');","        local.url = require('url');","        // init assets","        local.assetsDict = local.assetsDict || {};","        /* jslint-ignore-begin */","        local.assetsDict['/assets.index.template.html'] = '\\","<!doctype html>\\n\\","<html lang=\"en\">\\n\\","<head>\\n\\","<meta charset=\"UTF-8\">\\n\\","<meta name=\"viewport\" content=\"width=device-width, initial-scale=1\">\\n\\","<title>{{env.npm_package_name}} (v{{env.npm_package_version}})</title>\\n\\","<style>\\n\\","/*csslint\\n\\","    box-sizing: false,\\n\\","    universal-selector: false\\n\\","*/\\n\\","* {\\n\\","    box-sizing: border-box;\\n\\","}\\n\\","body {\\n\\","    background: #dde;\\n\\","    font-family: Arial, Helvetica, sans-serif;\\n\\","    margin: 2rem;\\n\\","}\\n\\","body > * {\\n\\","    margin-bottom: 1rem;\\n\\","}\\n\\",".utility2FooterDiv {\\n\\","    margin-top: 20px;\\n\\","    text-align: center;\\n\\","}\\n\\","</style>\\n\\","<style>\\n\\","/*csslint\\n\\","*/\\n\\","textarea {\\n\\","    font-family: monospace;\\n\\","    height: 10rem;\\n\\","    width: 100%;\\n\\","}\\n\\","textarea[readonly] {\\n\\","    background: #ddd;\\n\\","}\\n\\","</style>\\n\\","</head>\\n\\","<body>\\n\\","<!-- utility2-comment\\n\\","<div id=\"ajaxProgressDiv1\" style=\"background: #d00; height: 2px; left: 0; margin: 0; padding: 0; position: fixed; top: 0; transition: background 0.5s, width 1.5s; width: 25%;\"></div>\\n\\","utility2-comment -->\\n\\","<h1>\\n\\","<!-- utility2-comment\\n\\","    <a\\n\\","        {{#if env.npm_package_homepage}}\\n\\","        href=\"{{env.npm_package_homepage}}\"\\n\\","        {{/if env.npm_package_homepage}}\\n\\","        target=\"_blank\"\\n\\","    >\\n\\","utility2-comment -->\\n\\","        {{env.npm_package_name}} (v{{env.npm_package_version}})\\n\\","<!-- utility2-comment\\n\\","    </a>\\n\\","utility2-comment -->\\n\\","</h1>\\n\\","<h3>{{env.npm_package_description}}</h3>\\n\\","<!-- utility2-comment\\n\\","<h4><a download href=\"assets.app.js\">download standalone app</a></h4>\\n\\","<button class=\"onclick onreset\" id=\"testRunButton1\">run internal test</button><br>\\n\\","<div id=\"testReportDiv1\" style=\"display: none;\"></div>\\n\\","utility2-comment -->\\n\\","\\n\\","\\n\\","\\n\\","<label>stderr and stdout</label>\\n\\","<textarea class=\"resettable\" id=\"outputTextareaStdout1\" readonly></textarea>\\n\\","<!-- utility2-comment\\n\\","{{#if isRollup}}\\n\\","<script src=\"assets.app.js\"></script>\\n\\","{{#unless isRollup}}\\n\\","utility2-comment -->\\n\\","<script src=\"assets.utility2.rollup.js\"></script>\\n\\","<script src=\"jsonp.utility2._stateInit?callback=window.utility2._stateInit\"></script>\\n\\","<script src=\"assets.npmtest_vs_mda_remote.rollup.js\"></script>\\n\\","<script src=\"assets.example.js\"></script>\\n\\","<script src=\"assets.test.js\"></script>\\n\\","<!-- utility2-comment\\n\\","{{/if isRollup}}\\n\\","utility2-comment -->\\n\\","<div class=\"utility2FooterDiv\">\\n\\","    [ this app was created with\\n\\","    <a href=\"https://github.com/kaizhu256/node-utility2\" target=\"_blank\">utility2</a>\\n\\","    ]\\n\\","</div>\\n\\","</body>\\n\\","</html>\\n\\","';","        /* jslint-ignore-end */","        if (local.templateRender) {","            local.assetsDict['/'] = local.templateRender(","                local.assetsDict['/assets.index.template.html'],","                {","                    env: local.objectSetDefault(local.env, {","                        npm_package_description: 'the greatest app in the world!',","                        npm_package_name: 'my-app',","                        npm_package_nameAlias: 'my_app',","                        npm_package_version: '0.0.1'","                    })","                }","            );","        } else {","            local.assetsDict['/'] = local.assetsDict['/assets.index.template.html']","                .replace((/\\{\\{env\\.(\\w+?)\\}\\}/g), function (match0, match1) {","                    // jslint-hack","                    String(match0);","                    switch (match1) {","                    case 'npm_package_description':","                        return 'the greatest app in the world!';","                    case 'npm_package_name':","                        return 'my-app';","                    case 'npm_package_nameAlias':","                        return 'my_app';","                    case 'npm_package_version':","                        return '0.0.1';","                    }","                });","        }","        // run the cli","        if (local.global.utility2_rollup || module !== require.main) {","            break;","        }","        local.assetsDict['/assets.example.js'] =","            local.assetsDict['/assets.example.js'] ||","            local.fs.readFileSync(__filename, 'utf8');","        // bug-workaround - long $npm_package_buildCustomOrg","        /* jslint-ignore-begin */","        local.assetsDict['/assets.npmtest_vs_mda_remote.rollup.js'] =","            local.assetsDict['/assets.npmtest_vs_mda_remote.rollup.js'] ||","            local.fs.readFileSync(","                local.npmtest_vs_mda_remote.__dirname + '/lib.npmtest_vs_mda_remote.js',","                'utf8'","            ).replace((/^#!/), '//');","        /* jslint-ignore-end */","        local.assetsDict['/favicon.ico'] = local.assetsDict['/favicon.ico'] || '';","        // if $npm_config_timeout_exit exists,","        // then exit this process after $npm_config_timeout_exit ms","        if (Number(process.env.npm_config_timeout_exit)) {","            setTimeout(process.exit, Number(process.env.npm_config_timeout_exit));","        }","        // start server","        if (local.global.utility2_serverHttp1) {","            break;","        }","        process.env.PORT = process.env.PORT || '8081';","        console.error('server starting on port ' + process.env.PORT);","        local.http.createServer(function (request, response) {","            request.urlParsed = local.url.parse(request.url);","            if (local.assetsDict[request.urlParsed.pathname] !== undefined) {","                response.end(local.assetsDict[request.urlParsed.pathname]);","                return;","            }","            response.statusCode = 404;","            response.end();","        }).listen(process.env.PORT);","        break;","    }","}());",""],"l":{"26":2,"28":2,"33":2,"35":2,"37":2,"38":2,"39":2,"44":1,"51":2,"55":2,"59":2,"61":2,"69":1,"70":2,"76":2,"79":2,"82":2,"83":2,"85":1,"89":2,"92":1,"93":1,"94":1,"96":1,"97":1,"100":1,"101":1,"103":1,"106":1,"108":2,"114":1,"116":1,"118":1,"123":1,"124":2,"125":2,"126":3,"127":3,"128":3,"129":3,"130":1,"133":3,"134":3,"139":3,"143":1,"144":3,"145":1,"149":1,"150":1,"158":1,"160":1,"161":1,"162":1,"164":1,"166":1,"258":1,"259":1,"271":1,"274":6,"275":6,"277":1,"279":2,"281":1,"283":2,"288":1,"289":1,"291":1,"296":1,"303":1,"306":1,"307":1,"310":1,"311":1,"313":1,"314":1,"315":1,"316":1,"317":1,"318":1,"319":1,"321":1,"322":1,"324":1}},"/home/travis/build/npmtest/node-npmtest-vs-mda-remote/node_modules/vs-mda-remote/lib/server.js":{"path":"/home/travis/build/npmtest/node-npmtest-vs-mda-remote/node_modules/vs-mda-remote/lib/server.js","s":{"1":2,"2":0,"3":0,"4":0,"5":0,"6":0,"7":0,"8":0,"9":0,"10":0,"11":0,"12":0,"13":0,"14":0,"15":0,"16":0,"17":0,"18":0,"19":0,"20":0,"21":0,"22":0,"23":0,"24":0,"25":0,"26":0,"27":0,"28":0,"29":0,"30":0,"31":0,"32":0,"33":0,"34":0,"35":0,"36":0,"37":0,"38":0,"39":0,"40":0,"41":0,"42":0,"43":0,"44":0,"45":0,"46":0,"47":0,"48":0,"49":0,"50":1,"51":0,"52":0,"53":1,"54":0,"55":0,"56":0,"57":0,"58":0,"59":0,"60":0,"61":0,"62":0,"63":0,"64":0,"65":1,"66":0,"67":0,"68":0,"69":1,"70":0,"71":0,"72":1,"73":0,"74":0,"75":0,"76":0,"77":0,"78":0,"79":0,"80":0,"81":0,"82":0,"83":0,"84":0,"85":0,"86":0,"87":0,"88":0,"89":0,"90":0,"91":0,"92":0,"93":0,"94":0,"95":0,"96":0,"97":1,"98":0,"99":0,"100":0,"101":0,"102":0,"103":0,"104":0,"105":0,"106":0,"107":0,"108":0,"109":0,"110":0,"111":0,"112":0,"113":1,"114":0,"115":0,"116":0,"117":0,"118":0,"119":0,"120":0,"121":1,"122":0,"123":0,"124":1,"125":0,"126":0,"127":0,"128":0,"129":1,"130":0,"131":0,"132":0,"133":0,"134":0,"135":1,"136":0,"137":0,"138":0,"139":0,"140":0,"141":1,"142":0,"143":0,"144":0,"145":0,"146":0,"147":0,"148":0,"149":1,"150":0,"151":0,"152":0,"153":0,"154":0,"155":0,"156":0,"157":0,"158":0,"159":0,"160":0,"161":1,"162":0,"163":0,"164":0,"165":0,"166":0,"167":0,"168":0,"169":1,"170":0,"171":0,"172":0,"173":0,"174":0,"175":0,"176":0,"177":1,"178":0,"179":1,"180":0,"181":0,"182":0,"183":0,"184":0,"185":0,"186":0,"187":1,"188":0,"189":0,"190":0,"191":0,"192":0,"193":1,"194":0,"195":0,"196":0,"197":0,"198":0,"199":0,"200":0,"201":0,"202":0,"203":0,"204":0,"205":0,"206":0},"b":{"1":[0,0],"2":[0,0],"3":[0,0],"4":[0,0],"5":[0,0],"6":[0,0],"7":[0,0],"8":[0,0],"9":[0,0],"10":[0,0,0],"11":[0,0],"12":[0,0],"13":[0,0],"14":[0,0],"15":[0,0],"16":[0,0],"17":[0,0],"18":[0,0],"19":[0,0],"20":[0,0],"21":[0,0],"22":[0,0],"23":[0,0],"24":[0,0],"25":[0,0],"26":[0,0],"27":[0,0],"28":[0,0],"29":[0,0],"30":[0,0]},"f":{"1":0,"2":0,"3":0,"4":0,"5":0,"6":0,"7":0,"8":0,"9":0,"10":0,"11":0,"12":0,"13":0,"14":0,"15":0,"16":0,"17":0,"18":0,"19":0,"20":0,"21":0,"22":0,"23":0,"24":0,"25":0,"26":0,"27":0,"28":0,"29":0,"30":0,"31":0,"32":0,"33":0,"34":0,"35":0,"36":0,"37":0,"38":0,"39":0,"40":0,"41":0,"42":0,"43":0,"44":0},"fnMap":{"1":{"name":"(anonymous_1)","line":26,"loc":{"start":{"line":26,"column":15},"end":{"line":26,"column":30}}},"2":{"name":"(anonymous_2)","line":42,"loc":{"start":{"line":42,"column":38},"end":{"line":42,"column":63}}},"3":{"name":"(anonymous_3)","line":50,"loc":{"start":{"line":50,"column":17},"end":{"line":50,"column":36}}},"4":{"name":"(anonymous_4)","line":79,"loc":{"start":{"line":79,"column":17},"end":{"line":79,"column":31}}},"5":{"name":"(anonymous_5)","line":88,"loc":{"start":{"line":88,"column":14},"end":{"line":88,"column":33}}},"6":{"name":"(anonymous_6)","line":92,"loc":{"start":{"line":92,"column":25},"end":{"line":92,"column":40}}},"7":{"name":"(anonymous_7)","line":96,"loc":{"start":{"line":96,"column":28},"end":{"line":96,"column":43}}},"8":{"name":"startupServer","line":100,"loc":{"start":{"line":100,"column":0},"end":{"line":100,"column":34}}},"9":{"name":"startupPlainHttpServer","line":105,"loc":{"start":{"line":105,"column":0},"end":{"line":105,"column":43}}},"10":{"name":"(anonymous_10)","line":107,"loc":{"start":{"line":107,"column":17},"end":{"line":107,"column":31}}},"11":{"name":"(anonymous_11)","line":109,"loc":{"start":{"line":109,"column":32},"end":{"line":109,"column":47}}},"12":{"name":"(anonymous_12)","line":112,"loc":{"start":{"line":112,"column":44},"end":{"line":112,"column":55}}},"13":{"name":"friendlyServerListenError","line":123,"loc":{"start":{"line":123,"column":0},"end":{"line":123,"column":46}}},"14":{"name":"writePid","line":131,"loc":{"start":{"line":131,"column":0},"end":{"line":131,"column":20}}},"15":{"name":"startupHttpsServer","line":137,"loc":{"start":{"line":137,"column":0},"end":{"line":137,"column":39}}},"16":{"name":"(anonymous_16)","line":141,"loc":{"start":{"line":141,"column":17},"end":{"line":141,"column":37}}},"17":{"name":"(anonymous_17)","line":146,"loc":{"start":{"line":146,"column":33},"end":{"line":146,"column":47}}},"18":{"name":"(anonymous_18)","line":153,"loc":{"start":{"line":153,"column":17},"end":{"line":153,"column":37}}},"19":{"name":"(anonymous_19)","line":163,"loc":{"start":{"line":163,"column":17},"end":{"line":163,"column":31}}},"20":{"name":"(anonymous_20)","line":165,"loc":{"start":{"line":165,"column":32},"end":{"line":165,"column":47}}},"21":{"name":"(anonymous_21)","line":171,"loc":{"start":{"line":171,"column":44},"end":{"line":171,"column":55}}},"22":{"name":"registerShutdownHooks","line":181,"loc":{"start":{"line":181,"column":0},"end":{"line":181,"column":33}}},"23":{"name":"(anonymous_23)","line":185,"loc":{"start":{"line":185,"column":36},"end":{"line":185,"column":51}}},"24":{"name":"(anonymous_24)","line":195,"loc":{"start":{"line":195,"column":19},"end":{"line":195,"column":30}}},"25":{"name":"submitNewBuild","line":206,"loc":{"start":{"line":206,"column":0},"end":{"line":206,"column":34}}},"26":{"name":"(anonymous_26)","line":207,"loc":{"start":{"line":207,"column":33},"end":{"line":207,"column":58}}},"27":{"name":"getAllBuildStatus","line":224,"loc":{"start":{"line":224,"column":0},"end":{"line":224,"column":37}}},"28":{"name":"getBuildStatus","line":230,"loc":{"start":{"line":230,"column":0},"end":{"line":230,"column":34}}},"29":{"name":"getBuildLog","line":240,"loc":{"start":{"line":240,"column":0},"end":{"line":240,"column":31}}},"30":{"name":"getBuild","line":251,"loc":{"start":{"line":251,"column":0},"end":{"line":251,"column":28}}},"31":{"name":"emulateBuild","line":261,"loc":{"start":{"line":261,"column":0},"end":{"line":261,"column":32}}},"32":{"name":"(anonymous_32)","line":264,"loc":{"start":{"line":264,"column":63},"end":{"line":264,"column":85}}},"33":{"name":"deployBuild","line":277,"loc":{"start":{"line":277,"column":0},"end":{"line":277,"column":31}}},"34":{"name":"(anonymous_34)","line":280,"loc":{"start":{"line":280,"column":45},"end":{"line":280,"column":68}}},"35":{"name":"runBuild","line":299,"loc":{"start":{"line":299,"column":0},"end":{"line":299,"column":28}}},"36":{"name":"(anonymous_36)","line":302,"loc":{"start":{"line":302,"column":41},"end":{"line":302,"column":64}}},"37":{"name":"debugBuild","line":315,"loc":{"start":{"line":315,"column":0},"end":{"line":315,"column":30}}},"38":{"name":"(anonymous_38)","line":318,"loc":{"start":{"line":318,"column":43},"end":{"line":318,"column":66}}},"39":{"name":"getDebugPort","line":331,"loc":{"start":{"line":331,"column":0},"end":{"line":331,"column":32}}},"40":{"name":"downloadBuild","line":337,"loc":{"start":{"line":337,"column":0},"end":{"line":337,"column":33}}},"41":{"name":"(anonymous_41)","line":343,"loc":{"start":{"line":343,"column":47},"end":{"line":343,"column":79}}},"42":{"name":"getResources","line":351,"loc":{"start":{"line":351,"column":0},"end":{"line":351,"column":32}}},"43":{"name":"downloadClientCerts","line":362,"loc":{"start":{"line":362,"column":0},"end":{"line":362,"column":39}}},"44":{"name":"(anonymous_44)","line":380,"loc":{"start":{"line":380,"column":19},"end":{"line":380,"column":30}}}},"statementMap":{"1":{"start":{"line":8,"column":0},"end":{"line":20,"column":36}},"2":{"start":{"line":22,"column":0},"end":{"line":22,"column":43}},"3":{"start":{"line":23,"column":0},"end":{"line":23,"column":19}},"4":{"start":{"line":24,"column":0},"end":{"line":24,"column":15}},"5":{"start":{"line":26,"column":0},"end":{"line":86,"column":2}},"6":{"start":{"line":28,"column":4},"end":{"line":31,"column":5}},"7":{"start":{"line":29,"column":8},"end":{"line":29,"column":75}},"8":{"start":{"line":30,"column":8},"end":{"line":30,"column":24}},"9":{"start":{"line":33,"column":4},"end":{"line":33,"column":24}},"10":{"start":{"line":34,"column":4},"end":{"line":34,"column":38}},"11":{"start":{"line":35,"column":4},"end":{"line":35,"column":48}},"12":{"start":{"line":36,"column":4},"end":{"line":36,"column":35}},"13":{"start":{"line":37,"column":4},"end":{"line":37,"column":36}},"14":{"start":{"line":40,"column":4},"end":{"line":40,"column":24}},"15":{"start":{"line":42,"column":4},"end":{"line":48,"column":6}},"16":{"start":{"line":43,"column":8},"end":{"line":47,"column":9}},"17":{"start":{"line":44,"column":12},"end":{"line":44,"column":81}},"18":{"start":{"line":46,"column":12},"end":{"line":46,"column":19}},"19":{"start":{"line":50,"column":4},"end":{"line":52,"column":7}},"20":{"start":{"line":51,"column":8},"end":{"line":51,"column":85}},"21":{"start":{"line":55,"column":4},"end":{"line":58,"column":5}},"22":{"start":{"line":56,"column":8},"end":{"line":56,"column":57}},"23":{"start":{"line":57,"column":8},"end":{"line":57,"column":55}},"24":{"start":{"line":59,"column":4},"end":{"line":59,"column":45}},"25":{"start":{"line":60,"column":4},"end":{"line":60,"column":48}},"26":{"start":{"line":61,"column":4},"end":{"line":61,"column":49}},"27":{"start":{"line":62,"column":4},"end":{"line":62,"column":47}},"28":{"start":{"line":63,"column":4},"end":{"line":63,"column":36}},"29":{"start":{"line":64,"column":4},"end":{"line":64,"column":50}},"30":{"start":{"line":65,"column":4},"end":{"line":65,"column":48}},"31":{"start":{"line":66,"column":4},"end":{"line":66,"column":46}},"32":{"start":{"line":67,"column":4},"end":{"line":67,"column":40}},"33":{"start":{"line":68,"column":4},"end":{"line":68,"column":44}},"34":{"start":{"line":69,"column":4},"end":{"line":69,"column":40}},"35":{"start":{"line":71,"column":4},"end":{"line":71,"column":48}},"36":{"start":{"line":72,"column":4},"end":{"line":72,"column":46}},"37":{"start":{"line":74,"column":4},"end":{"line":74,"column":69}},"38":{"start":{"line":75,"column":4},"end":{"line":75,"column":66}},"39":{"start":{"line":77,"column":4},"end":{"line":85,"column":15}},"40":{"start":{"line":80,"column":16},"end":{"line":80,"column":94}},"41":{"start":{"line":81,"column":16},"end":{"line":83,"column":17}},"42":{"start":{"line":82,"column":20},"end":{"line":82,"column":45}},"43":{"start":{"line":84,"column":16},"end":{"line":84,"column":26}},"44":{"start":{"line":88,"column":0},"end":{"line":90,"column":2}},"45":{"start":{"line":89,"column":4},"end":{"line":89,"column":35}},"46":{"start":{"line":92,"column":0},"end":{"line":94,"column":2}},"47":{"start":{"line":93,"column":4},"end":{"line":93,"column":39}},"48":{"start":{"line":96,"column":0},"end":{"line":98,"column":2}},"49":{"start":{"line":97,"column":4},"end":{"line":97,"column":42}},"50":{"start":{"line":100,"column":0},"end":{"line":103,"column":1}},"51":{"start":{"line":101,"column":4},"end":{"line":101,"column":51}},"52":{"start":{"line":102,"column":4},"end":{"line":102,"column":96}},"53":{"start":{"line":105,"column":0},"end":{"line":121,"column":1}},"54":{"start":{"line":106,"column":4},"end":{"line":120,"column":15}},"55":{"start":{"line":108,"column":16},"end":{"line":108,"column":41}},"56":{"start":{"line":109,"column":16},"end":{"line":111,"column":19}},"57":{"start":{"line":110,"column":20},"end":{"line":110,"column":74}},"58":{"start":{"line":112,"column":16},"end":{"line":118,"column":19}},"59":{"start":{"line":113,"column":20},"end":{"line":113,"column":41}},"60":{"start":{"line":114,"column":20},"end":{"line":114,"column":38}},"61":{"start":{"line":115,"column":20},"end":{"line":115,"column":112}},"62":{"start":{"line":116,"column":20},"end":{"line":116,"column":31}},"63":{"start":{"line":117,"column":20},"end":{"line":117,"column":42}},"64":{"start":{"line":119,"column":16},"end":{"line":119,"column":40}},"65":{"start":{"line":123,"column":0},"end":{"line":129,"column":1}},"66":{"start":{"line":124,"column":4},"end":{"line":128,"column":5}},"67":{"start":{"line":125,"column":8},"end":{"line":125,"column":89}},"68":{"start":{"line":127,"column":8},"end":{"line":127,"column":19}},"69":{"start":{"line":131,"column":0},"end":{"line":135,"column":1}},"70":{"start":{"line":132,"column":4},"end":{"line":134,"column":5}},"71":{"start":{"line":133,"column":8},"end":{"line":133,"column":96}},"72":{"start":{"line":137,"column":0},"end":{"line":180,"column":1}},"73":{"start":{"line":138,"column":4},"end":{"line":138,"column":34}},"74":{"start":{"line":139,"column":4},"end":{"line":139,"column":27}},"75":{"start":{"line":140,"column":4},"end":{"line":179,"column":15}},"76":{"start":{"line":142,"column":16},"end":{"line":150,"column":17}},"77":{"start":{"line":143,"column":20},"end":{"line":143,"column":45}},"78":{"start":{"line":144,"column":20},"end":{"line":144,"column":60}},"79":{"start":{"line":145,"column":20},"end":{"line":149,"column":31}},"80":{"start":{"line":147,"column":32},"end":{"line":147,"column":57}},"81":{"start":{"line":148,"column":32},"end":{"line":148,"column":49}},"82":{"start":{"line":151,"column":16},"end":{"line":151,"column":33}},"83":{"start":{"line":154,"column":16},"end":{"line":160,"column":18}},"84":{"start":{"line":161,"column":16},"end":{"line":161,"column":60}},"85":{"start":{"line":164,"column":16},"end":{"line":164,"column":41}},"86":{"start":{"line":165,"column":16},"end":{"line":170,"column":19}},"87":{"start":{"line":166,"column":20},"end":{"line":168,"column":21}},"88":{"start":{"line":167,"column":24},"end":{"line":167,"column":55}},"89":{"start":{"line":169,"column":20},"end":{"line":169,"column":74}},"90":{"start":{"line":171,"column":16},"end":{"line":177,"column":19}},"91":{"start":{"line":172,"column":20},"end":{"line":172,"column":41}},"92":{"start":{"line":173,"column":20},"end":{"line":173,"column":38}},"93":{"start":{"line":174,"column":20},"end":{"line":174,"column":111}},"94":{"start":{"line":175,"column":20},"end":{"line":175,"column":31}},"95":{"start":{"line":176,"column":20},"end":{"line":176,"column":42}},"96":{"start":{"line":178,"column":16},"end":{"line":178,"column":40}},"97":{"start":{"line":181,"column":0},"end":{"line":203,"column":1}},"98":{"start":{"line":183,"column":4},"end":{"line":183,"column":60}},"99":{"start":{"line":185,"column":4},"end":{"line":192,"column":7}},"100":{"start":{"line":186,"column":6},"end":{"line":186,"column":78}},"101":{"start":{"line":187,"column":6},"end":{"line":187,"column":31}},"102":{"start":{"line":188,"column":6},"end":{"line":188,"column":63}},"103":{"start":{"line":189,"column":6},"end":{"line":189,"column":26}},"104":{"start":{"line":190,"column":6},"end":{"line":190,"column":24}},"105":{"start":{"line":191,"column":6},"end":{"line":191,"column":21}},"106":{"start":{"line":195,"column":4},"end":{"line":200,"column":6}},"107":{"start":{"line":196,"column":8},"end":{"line":196,"column":66}},"108":{"start":{"line":197,"column":8},"end":{"line":197,"column":28}},"109":{"start":{"line":198,"column":8},"end":{"line":198,"column":31}},"110":{"start":{"line":199,"column":8},"end":{"line":199,"column":24}},"111":{"start":{"line":201,"column":4},"end":{"line":201,"column":36}},"112":{"start":{"line":202,"column":4},"end":{"line":202,"column":35}},"113":{"start":{"line":206,"column":0},"end":{"line":221,"column":1}},"114":{"start":{"line":207,"column":4},"end":{"line":220,"column":7}},"115":{"start":{"line":208,"column":8},"end":{"line":219,"column":9}},"116":{"start":{"line":209,"column":12},"end":{"line":209,"column":58}},"117":{"start":{"line":210,"column":12},"end":{"line":210,"column":98}},"118":{"start":{"line":212,"column":12},"end":{"line":213,"column":95}},"119":{"start":{"line":214,"column":12},"end":{"line":217,"column":15}},"120":{"start":{"line":218,"column":12},"end":{"line":218,"column":51}},"121":{"start":{"line":224,"column":0},"end":{"line":227,"column":1}},"122":{"start":{"line":225,"column":4},"end":{"line":225,"column":50}},"123":{"start":{"line":226,"column":4},"end":{"line":226,"column":32}},"124":{"start":{"line":230,"column":0},"end":{"line":237,"column":1}},"125":{"start":{"line":231,"column":4},"end":{"line":231,"column":57}},"126":{"start":{"line":232,"column":4},"end":{"line":236,"column":5}},"127":{"start":{"line":233,"column":8},"end":{"line":233,"column":47}},"128":{"start":{"line":235,"column":8},"end":{"line":235,"column":80}},"129":{"start":{"line":240,"column":0},"end":{"line":248,"column":1}},"130":{"start":{"line":241,"column":4},"end":{"line":241,"column":57}},"131":{"start":{"line":242,"column":4},"end":{"line":247,"column":5}},"132":{"start":{"line":243,"column":8},"end":{"line":243,"column":46}},"133":{"start":{"line":244,"column":8},"end":{"line":244,"column":54}},"134":{"start":{"line":246,"column":8},"end":{"line":246,"column":80}},"135":{"start":{"line":251,"column":0},"end":{"line":258,"column":1}},"136":{"start":{"line":252,"column":4},"end":{"line":252,"column":57}},"137":{"start":{"line":253,"column":4},"end":{"line":256,"column":5}},"138":{"start":{"line":254,"column":8},"end":{"line":254,"column":80}},"139":{"start":{"line":255,"column":8},"end":{"line":255,"column":15}},"140":{"start":{"line":257,"column":4},"end":{"line":257,"column":43}},"141":{"start":{"line":261,"column":0},"end":{"line":274,"column":1}},"142":{"start":{"line":262,"column":4},"end":{"line":262,"column":57}},"143":{"start":{"line":263,"column":4},"end":{"line":273,"column":5}},"144":{"start":{"line":264,"column":8},"end":{"line":270,"column":15}},"145":{"start":{"line":265,"column":16},"end":{"line":269,"column":17}},"146":{"start":{"line":266,"column":20},"end":{"line":266,"column":39}},"147":{"start":{"line":268,"column":20},"end":{"line":268,"column":59}},"148":{"start":{"line":272,"column":8},"end":{"line":272,"column":80}},"149":{"start":{"line":277,"column":0},"end":{"line":296,"column":1}},"150":{"start":{"line":278,"column":4},"end":{"line":278,"column":57}},"151":{"start":{"line":279,"column":4},"end":{"line":295,"column":5}},"152":{"start":{"line":280,"column":8},"end":{"line":292,"column":11}},"153":{"start":{"line":281,"column":12},"end":{"line":291,"column":13}},"154":{"start":{"line":282,"column":4},"end":{"line":288,"column":5}},"155":{"start":{"line":283,"column":5},"end":{"line":283,"column":57}},"156":{"start":{"line":284,"column":11},"end":{"line":288,"column":5}},"157":{"start":{"line":285,"column":5},"end":{"line":285,"column":32}},"158":{"start":{"line":287,"column":5},"end":{"line":287,"column":24}},"159":{"start":{"line":290,"column":16},"end":{"line":290,"column":55}},"160":{"start":{"line":294,"column":8},"end":{"line":294,"column":80}},"161":{"start":{"line":299,"column":0},"end":{"line":312,"column":1}},"162":{"start":{"line":300,"column":4},"end":{"line":300,"column":57}},"163":{"start":{"line":301,"column":4},"end":{"line":311,"column":5}},"164":{"start":{"line":302,"column":8},"end":{"line":308,"column":11}},"165":{"start":{"line":303,"column":12},"end":{"line":307,"column":13}},"166":{"start":{"line":304,"column":16},"end":{"line":304,"column":35}},"167":{"start":{"line":306,"column":16},"end":{"line":306,"column":55}},"168":{"start":{"line":310,"column":8},"end":{"line":310,"column":80}},"169":{"start":{"line":315,"column":0},"end":{"line":328,"column":1}},"170":{"start":{"line":316,"column":4},"end":{"line":316,"column":57}},"171":{"start":{"line":317,"column":4},"end":{"line":327,"column":5}},"172":{"start":{"line":318,"column":8},"end":{"line":324,"column":11}},"173":{"start":{"line":319,"column":12},"end":{"line":323,"column":13}},"174":{"start":{"line":320,"column":16},"end":{"line":320,"column":61}},"175":{"start":{"line":322,"column":16},"end":{"line":322,"column":55}},"176":{"start":{"line":326,"column":8},"end":{"line":326,"column":80}},"177":{"start":{"line":331,"column":0},"end":{"line":334,"column":1}},"178":{"start":{"line":332,"column":4},"end":{"line":332,"column":66}},"179":{"start":{"line":337,"column":0},"end":{"line":348,"column":1}},"180":{"start":{"line":338,"column":4},"end":{"line":338,"column":57}},"181":{"start":{"line":339,"column":4},"end":{"line":342,"column":5}},"182":{"start":{"line":340,"column":8},"end":{"line":340,"column":80}},"183":{"start":{"line":341,"column":8},"end":{"line":341,"column":15}},"184":{"start":{"line":343,"column":4},"end":{"line":347,"column":7}},"185":{"start":{"line":344,"column":8},"end":{"line":346,"column":9}},"186":{"start":{"line":345,"column":12},"end":{"line":345,"column":31}},"187":{"start":{"line":351,"column":0},"end":{"line":359,"column":1}},"188":{"start":{"line":352,"column":4},"end":{"line":352,"column":31}},"189":{"start":{"line":353,"column":4},"end":{"line":353,"column":53}},"190":{"start":{"line":354,"column":4},"end":{"line":358,"column":5}},"191":{"start":{"line":355,"column":8},"end":{"line":355,"column":75}},"192":{"start":{"line":357,"column":8},"end":{"line":357,"column":37}},"193":{"start":{"line":362,"column":0},"end":{"line":381,"column":1}},"194":{"start":{"line":363,"column":4},"end":{"line":363,"column":58}},"195":{"start":{"line":364,"column":4},"end":{"line":364,"column":83}},"196":{"start":{"line":366,"column":4},"end":{"line":366,"column":39}},"197":{"start":{"line":367,"column":4},"end":{"line":370,"column":5}},"198":{"start":{"line":368,"column":8},"end":{"line":368,"column":57}},"199":{"start":{"line":369,"column":8},"end":{"line":369,"column":15}},"200":{"start":{"line":372,"column":4},"end":{"line":372,"column":51}},"201":{"start":{"line":373,"column":4},"end":{"line":373,"column":46}},"202":{"start":{"line":374,"column":4},"end":{"line":377,"column":5}},"203":{"start":{"line":375,"column":8},"end":{"line":375,"column":71}},"204":{"start":{"line":376,"column":8},"end":{"line":376,"column":15}},"205":{"start":{"line":379,"column":4},"end":{"line":379,"column":22}},"206":{"start":{"line":380,"column":4},"end":{"line":380,"column":34}}},"branchMap":{"1":{"line":28,"type":"if","locations":[{"start":{"line":28,"column":4},"end":{"line":28,"column":4}},{"start":{"line":28,"column":4},"end":{"line":28,"column":4}}]},"2":{"line":43,"type":"if","locations":[{"start":{"line":43,"column":8},"end":{"line":43,"column":8}},{"start":{"line":43,"column":8},"end":{"line":43,"column":8}}]},"3":{"line":55,"type":"if","locations":[{"start":{"line":55,"column":4},"end":{"line":55,"column":4}},{"start":{"line":55,"column":4},"end":{"line":55,"column":4}}]},"4":{"line":81,"type":"if","locations":[{"start":{"line":81,"column":16},"end":{"line":81,"column":16}},{"start":{"line":81,"column":16},"end":{"line":81,"column":16}}]},"5":{"line":102,"type":"cond-expr","locations":[{"start":{"line":102,"column":30},"end":{"line":102,"column":59}},{"start":{"line":102,"column":62},"end":{"line":102,"column":95}}]},"6":{"line":124,"type":"if","locations":[{"start":{"line":124,"column":4},"end":{"line":124,"column":4}},{"start":{"line":124,"column":4},"end":{"line":124,"column":4}}]},"7":{"line":132,"type":"if","locations":[{"start":{"line":132,"column":4},"end":{"line":132,"column":4}},{"start":{"line":132,"column":4},"end":{"line":132,"column":4}}]},"8":{"line":142,"type":"if","locations":[{"start":{"line":142,"column":16},"end":{"line":142,"column":16}},{"start":{"line":142,"column":16},"end":{"line":142,"column":16}}]},"9":{"line":166,"type":"if","locations":[{"start":{"line":166,"column":20},"end":{"line":166,"column":20}},{"start":{"line":166,"column":20},"end":{"line":166,"column":20}}]},"10":{"line":183,"type":"binary-expr","locations":[{"start":{"line":183,"column":15},"end":{"line":183,"column":25}},{"start":{"line":183,"column":29},"end":{"line":183,"column":51}},{"start":{"line":183,"column":55},"end":{"line":183,"column":59}}]},"11":{"line":208,"type":"if","locations":[{"start":{"line":208,"column":8},"end":{"line":208,"column":8}},{"start":{"line":208,"column":8},"end":{"line":208,"column":8}}]},"12":{"line":212,"type":"cond-expr","locations":[{"start":{"line":212,"column":89},"end":{"line":212,"column":99}},{"start":{"line":212,"column":102},"end":{"line":212,"column":111}}]},"13":{"line":232,"type":"if","locations":[{"start":{"line":232,"column":4},"end":{"line":232,"column":4}},{"start":{"line":232,"column":4},"end":{"line":232,"column":4}}]},"14":{"line":242,"type":"if","locations":[{"start":{"line":242,"column":4},"end":{"line":242,"column":4}},{"start":{"line":242,"column":4},"end":{"line":242,"column":4}}]},"15":{"line":253,"type":"if","locations":[{"start":{"line":253,"column":4},"end":{"line":253,"column":4}},{"start":{"line":253,"column":4},"end":{"line":253,"column":4}}]},"16":{"line":263,"type":"if","locations":[{"start":{"line":263,"column":4},"end":{"line":263,"column":4}},{"start":{"line":263,"column":4},"end":{"line":263,"column":4}}]},"17":{"line":265,"type":"if","locations":[{"start":{"line":265,"column":16},"end":{"line":265,"column":16}},{"start":{"line":265,"column":16},"end":{"line":265,"column":16}}]},"18":{"line":279,"type":"if","locations":[{"start":{"line":279,"column":4},"end":{"line":279,"column":4}},{"start":{"line":279,"column":4},"end":{"line":279,"column":4}}]},"19":{"line":281,"type":"if","locations":[{"start":{"line":281,"column":12},"end":{"line":281,"column":12}},{"start":{"line":281,"column":12},"end":{"line":281,"column":12}}]},"20":{"line":282,"type":"if","locations":[{"start":{"line":282,"column":4},"end":{"line":282,"column":4}},{"start":{"line":282,"column":4},"end":{"line":282,"column":4}}]},"21":{"line":284,"type":"if","locations":[{"start":{"line":284,"column":11},"end":{"line":284,"column":11}},{"start":{"line":284,"column":11},"end":{"line":284,"column":11}}]},"22":{"line":301,"type":"if","locations":[{"start":{"line":301,"column":4},"end":{"line":301,"column":4}},{"start":{"line":301,"column":4},"end":{"line":301,"column":4}}]},"23":{"line":303,"type":"if","locations":[{"start":{"line":303,"column":12},"end":{"line":303,"column":12}},{"start":{"line":303,"column":12},"end":{"line":303,"column":12}}]},"24":{"line":317,"type":"if","locations":[{"start":{"line":317,"column":4},"end":{"line":317,"column":4}},{"start":{"line":317,"column":4},"end":{"line":317,"column":4}}]},"25":{"line":319,"type":"if","locations":[{"start":{"line":319,"column":12},"end":{"line":319,"column":12}},{"start":{"line":319,"column":12},"end":{"line":319,"column":12}}]},"26":{"line":339,"type":"if","locations":[{"start":{"line":339,"column":4},"end":{"line":339,"column":4}},{"start":{"line":339,"column":4},"end":{"line":339,"column":4}}]},"27":{"line":344,"type":"if","locations":[{"start":{"line":344,"column":8},"end":{"line":344,"column":8}},{"start":{"line":344,"column":8},"end":{"line":344,"column":8}}]},"28":{"line":354,"type":"if","locations":[{"start":{"line":354,"column":4},"end":{"line":354,"column":4}},{"start":{"line":354,"column":4},"end":{"line":354,"column":4}}]},"29":{"line":367,"type":"if","locations":[{"start":{"line":367,"column":4},"end":{"line":367,"column":4}},{"start":{"line":367,"column":4},"end":{"line":367,"column":4}}]},"30":{"line":374,"type":"if","locations":[{"start":{"line":374,"column":4},"end":{"line":374,"column":4}},{"start":{"line":374,"column":4},"end":{"line":374,"column":4}}]}},"code":["/********************************************************","*                                                       *","*   Copyright (C) Microsoft. All rights reserved.       *","*                                                       *","********************************************************/","\"use strict\";","","var express = require('express'),","    http = require('http'),","    https = require('https'),","    path = require('path'),","    fs = require('fs'),","    os = require('os'),","    Q = require('q'),","    rimraf = require('rimraf'),","    buildmgr = require('./buildManager'),","    resources = require('./resources'),","    certs = require('./certs'),","    util = require('./util'),","    runner = require('./appRunner');","","var server = exports = module.exports = {};","var serverInstance;","var serverConf;","","server.start = function(conf) {","","    if (process.getuid() === 0) {","        console.warn(resources.getString(conf.get('lang'),\"NotRunAsRoot\"));","        process.exit(1);","    }","","    var app = express();","    app.set('port', conf.get('port'));","    app.set('serverDir', conf.get('serverDir'));","    app.use(express.logger('dev'));","    app.use(express.errorHandler());","","    // Initialize the build manager (after our app settings are all setup)","    buildmgr.init(conf);","","    var onlyAuthorizedClientRequest = function(req, res, next) {","        if (!req.client.authorized) {","            res.send(401, resources.getString(req, 'UnauthorizedClientRequest'));","        } else {","            next();","        }","    };","","    app.get('/', function(req, res) {","        res.send(200, resources.getString(req, 'IndexPageContent', app.get('port')));","    });","","    // These routes are fully secured through client cert verification:","    if (util.argToBool(conf.get('secure')) === true) {","        app.all('/build/*', onlyAuthorizedClientRequest);","        app.all('/files', onlyAuthorizedClientRequest);","    }","    app.post('/build/tasks', submitNewBuild);","    app.get('/build/tasks/:id', getBuildStatus);","    app.get('/build/tasks/:id/log', getBuildLog);","    app.get('/build/tasks', getAllBuildStatus);","    app.get('/build/:id', getBuild);","    app.get('/build/:id/download', downloadBuild);","    app.get('/build/:id/emulate', emulateBuild);","    app.get('/build/:id/deploy', deployBuild);","    app.get('/build/:id/run', runBuild);","    app.get('/build/:id/debug', debugBuild);","    app.get('/debugPort', getDebugPort);","","    app.get('/certs/:pin', downloadClientCerts);","    app.get('/resources/:lang', getResources);","","    app.use('/files', express.directory(buildmgr.getBaseBuildDir()));","    app.use('/files', express.static(buildmgr.getBaseBuildDir()));","","    return startupServer(conf,
[...]
W+JC33Iacjmbuqnl84xKf8OxVtc2E0bodj6","// SIG // L54/LlUWa8kTo/0xggSPMIIEiwIBATCBkDB5MQswCQYD","// SIG // VQQGEwJVUzETMBEGA1UECBMKV2FzaGluZ3RvbjEQMA4G","// SIG // A1UEBxMHUmVkbW9uZDEeMBwGA1UEChMVTWljcm9zb2Z0","// SIG // IENvcnBvcmF0aW9uMSMwIQYDVQQDExpNaWNyb3NvZnQg","// SIG // Q29kZSBTaWduaW5nIFBDQQITMwAAAMps1TISNcThVQAB","// SIG // AAAAyjAJBgUrDgMCGgUAoIGoMBkGCSqGSIb3DQEJAzEM","// SIG // BgorBgEEAYI3AgEEMBwGCisGAQQBgjcCAQsxDjAMBgor","// SIG // BgEEAYI3AgEVMCMGCSqGSIb3DQEJBDEWBBQ262Td1fHx","// SIG // D1jk3xJin4PSYYJv4jBIBgorBgEEAYI3AgEMMTowOKAW","// SIG // gBQAZQBtAHUAbABhAHQAZQAuAGoAc6EegBxodHRwOi8v","// SIG // ZXhwcmVzc2lvbi9lbXVsYXRlLmpzMA0GCSqGSIb3DQEB","// SIG // AQUABIIBAGBEUxuH9HkgjscogGcHOn7VLUmQUU9EH/UY","// SIG // 4oFsL3fwBHwTLGgchMJZTg+EQvkMNC8Q3+r4uYrDEsNY","// SIG // qYj/Hcol67MC5Lv2ef6NdSKrexztj+ep7jFYa6V5ZHEm","// SIG // Pnln+QoKKxGXPJRJjGXVr3uOg5PnRlMw+CbfeY0LwM7A","// SIG // zCg0qER5naKL+Vu/QPyYdNPFntkJ5s50+xXnxRClxo3S","// SIG // NYa0P5rYCRtnoAEBmk97qQy/zpHRzl8rCH0TB8SZoOND","// SIG // OBlC7RzR8uU6cKMBJabeVKE4SpJu2gqgsjcZlPRLnIFt","// SIG // CmDxS7/Jbb02Pxb8eLd3gAl0FJhJasGdLmsx2PBMkjeh","// SIG // ggIoMIICJAYJKoZIhvcNAQkGMYICFTCCAhECAQEwgY4w","// SIG // dzELMAkGA1UEBhMCVVMxEzARBgNVBAgTCldhc2hpbmd0","// SIG // b24xEDAOBgNVBAcTB1JlZG1vbmQxHjAcBgNVBAoTFU1p","// SIG // Y3Jvc29mdCBDb3Jwb3JhdGlvbjEhMB8GA1UEAxMYTWlj","// SIG // cm9zb2Z0IFRpbWUtU3RhbXAgUENBAhMzAAAAb2UtWG0H","// SIG // EUYoAAAAAABvMAkGBSsOAwIaBQCgXTAYBgkqhkiG9w0B","// SIG // CQMxCwYJKoZIhvcNAQcBMBwGCSqGSIb3DQEJBTEPFw0x","// SIG // NTA0MjMwMTU5NTNaMCMGCSqGSIb3DQEJBDEWBBTCzoU4","// SIG // QP65Kjd0unhcdDIJQDuo3TANBgkqhkiG9w0BAQUFAASC","// SIG // AQDOMmyCJ748JBGBYJy8ROblcbOFB+O3tL9uVW1iJHP6","// SIG // ajXLrhQs/cl52YPtULs3aP1v4YN7Jh8E/1E1sGbDlBMU","// SIG // e1711+//x2en7TQvpgD5rDGDPgXDymXebmV0LCqD+siH","// SIG // jbQHf369pUc5PPG/1XdKGwVJb9ETT47cn3b6Ltqe8hK8","// SIG // iQGje/vcDMKRPvd+rXNl38RzuCmheYCfNd7VyFyQ3rIp","// SIG // +GRs17AsR9hilzcM8w9M0vyPPJRA2wT4PHoCNkb5iBRp","// SIG // o8V5owC0g2sN1pirfJJ6kSHyOP1Md4aUrFRTtfIU85dh","// SIG // W5i3D6XRdJz7vsMzGgdDQbx6GdMy4fluAal8","// SIG // End signature block",""],"l":{"8":2,"14":0,"17":0,"18":0,"19":0,"23":0,"24":0,"25":0,"27":0,"28":0,"31":0,"34":0,"35":0,"37":0,"41":0,"45":0,"46":0,"47":0,"48":0,"49":0,"51":0,"56":1,"57":0,"58":0,"61":1,"62":0,"63":0,"64":0,"65":0,"66":0,"67":0,"69":0,"73":0,"76":0,"87":1,"88":0,"89":0,"90":0}},"/home/travis/build/npmtest/node-npmtest-vs-mda-remote/node_modules/vs-mda-remote/lib/plist.js":{"path":"/home/travis/build/npmtest/node-npmtest-vs-mda-remote/node_modules/vs-mda-remote/lib/plist.js","s":{"1":2,"2":0,"3":0,"4":0,"5":0,"6":0,"7":0,"8":0,"9":0,"10":0,"11":0,"12":0,"13":0,"14":0,"15":0,"16":0,"17":0,"18":0,"19":0,"20":0,"21":0,"22":0,"23":0,"24":0,"25":1,"26":0,"27":0,"28":0,"29":0},"b":{"1":[0,0],"2":[0,0],"3":[0,0]},"f":{"1":0,"2":0,"3":0},"fnMap":{"1":{"name":"(anonymous_1)","line":18,"loc":{"start":{"line":18,"column":30},"end":{"line":18,"column":84}}},"2":{"name":"(anonymous_2)","line":35,"loc":{"start":{"line":35,"column":31},"end":{"line":35,"column":69}}},"3":{"name":"getTemplateContents","line":45,"loc":{"start":{"line":45,"column":0},"end":{"line":45,"column":31}}}},"statementMap":{"1":{"start":{"line":8,"column":0},"end":{"line":12,"column":39}},"2":{"start":{"line":14,"column":0},"end":{"line":14,"column":42}},"3":{"start":{"line":16,"column":0},"end":{"line":16,"column":28}},"4":{"start":{"line":18,"column":0},"end":{"line":33,"column":2}},"5":{"start":{"line":19,"column":4},"end":{"line":19,"column":45}},"6":{"start":{"line":20,"column":4},"end":{"line":22,"column":5}},"7":{"start":{"line":21,"column":8},"end":{"line":21,"column":64}},"8":{"start":{"line":23,"column":4},"end":{"line":23,"column":22}},"9":{"start":{"line":24,"column":4},"end":{"line":24,"column":32}},"10":{"start":{"line":25,"column":4},"end":{"line":25,"column":26}},"11":{"start":{"line":27,"column":4},"end":{"line":27,"column":46}},"12":{"start":{"line":28,"column":4},"end":{"line":28,"column":70}},"13":{"start":{"line":29,"column":4},"end":{"line":29,"column":77}},"14":{"start":{"line":30,"column":4},"end":{"line":30,"column":67}},"15":{"start":{"line":31,"column":4},"end":{"line":31,"column":59}},"16":{"start":{"line":32,"column":4},"end":{"line":32,"column":106}},"17":{"start":{"line":35,"column":0},"end":{"line":43,"column":1}},"18":{"start":{"line":36,"column":4},"end":{"line":36,"column":53}},"19":{"start":{"line":37,"column":4},"end":{"line":37,"column":47}},"20":{"start":{"line":38,"column":4},"end":{"line":38,"column":69}},"21":{"start":{"line":39,"column":4},"end":{"line":39,"column":43}},"22":{"start":{"line":40,"column":4},"end":{"line":40,"column":51}},"23":{"start":{"line":41,"column":4},"end":{"line":41,"column":108}},"24":{"start":{"line":42,"column":4},"end":{"line":42,"column":68}},"25":{"start":{"line":45,"column":0},"end":{"line":51,"column":1}},"26":{"start":{"line":46,"column":4},"end":{"line":49,"column":5}},"27":{"start":{"line":47,"column":8},"end":{"line":47,"column":90}},"28":{"start":{"line":48,"column":8},"end":{"line":48,"column":76}},"29":{"start":{"line":50,"column":4},"end":{"line":50,"column":28}}},"branchMap":{"1":{"line":20,"type":"if","locations":[{"start":{"line":20,"column":4},"end":{"line":20,"column":4}},{"start":{"line":20,"column":4},"end":{"line":20,"column":4}}]},"2":{"line":38,"type":"cond-expr","locations":[{"start":{"line":38,"column":24},"end":{"line":38,"column":51}},{"start":{"line":38,"column":54},"end":{"line":38,"column":68}}]},"3":{"line":46,"type":"if","locations":[{"start":{"line":46,"column":4},"end":{"line":46,"column":4}},{"start":{"line":46,"column":4},"end":{"line":46,"column":4}}]}},"code":["/********************************************************","*                                                       *","*   Copyright (C) Microsoft. All rights reserved.       *","*                                                       *","********************************************************/","\"use strict\";","","var util = require('./util'),","    CordovaConfig = require('./CordovaConfig'),","    path = require('path'),","    fs = require('fs'),","    pl = require('plist-with-patches');","","var plist = exports = module.exports = {};","","var templateContents = null;","","plist.createEnterprisePlist = function(cordovaConfigOrPathToConfigXml, outFilePath) {","    var cfg = cordovaConfigOrPathToConfigXml;","    if (typeof cordovaConfigOrPathToConfigXml === 'string') {","        cfg = new CordovaConfig(cordovaConfigOrPathToConfigXml);","    }","    var id = cfg.id();","    var version = cfg.version();","    var name = cfg.name();","","    var plistContents = getTemplateContents();","    plistContents = plistContents.replace('${BUNDLE_IDENTIFIER}', id);","    plistContents = plistContents.replace('${APPLICATION_VERSION}', version);","    plistContents = plistContents.replace('${DISPLAY_NAME}', name);","    util.writeFileContentsSync(outFilePath, plistContents);","    console.info('Created plist file %s from template with [%s, %s, %s]', outFilePath, id, version, name);","};","","plist.updateAppBundleVersion = function(pathToAppPlist, buildNumber) {","    var plistInfo = pl.parseFileSync(pathToAppPlist);","    var version = plistInfo['CFBundleVersion'];","    version = version ? version + '.' + buildNumber : ''+buildNumber;","    plistInfo['CFBundleVersion'] = version;","    var updatedPlistContents = pl.build(plistInfo);","    updatedPlistContents = updatedPlistContents.replace(/<string>[\\s\\r\\n]*<\\/string>/g,'<string></string>');","    fs.writeFileSync(pathToAppPlist, updatedPlistContents, 'utf-8');","}","","function getTemplateContents() {","    if (templateContents === null) {","        var templatePath = path.join(__dirname, '..', 'templates', 'EnterpriseApp.plist');","        templateContents = util.readFileContentsSync(templatePath, 'utf-8');","    }","    return templateContents;","}","","// SIG // Begin signature block","// SIG // MIIanwYJKoZIhvcNAQcCoIIakDCCGowCAQExCzAJBgUr","// SIG // DgMCGgUAMGcGCisGAQQBgjcCAQSgWTBXMDIGCisGAQQB","// SIG // gjcCAR4wJAIBAQQQEODJBs441BGiowAQS9NQkAIBAAIB","// SIG // AAIBAAIBAAIBADAhMAkGBSsOAwIaBQAEFCs+Q8IYdlZ6","// SIG // CcymeLZv8IKOx3t9oIIVgjCCBMMwggOroAMCAQICEzMA","// SIG // AABxsy6Ka4KqH04AAAAAAHEwDQYJKoZIhvcNAQEFBQAw","// SIG // dzELMAkGA1UEBhMCVVMxEzARBgNVBAgTCldhc2hpbmd0","// SIG // b24xEDAOBgNVBAcTB1JlZG1vbmQxHjAcBgNVBAoTFU1p","// SIG // Y3Jvc29mdCBDb3Jwb3JhdGlvbjEhMB8GA1UEAxMYTWlj","// SIG // cm9zb2Z0IFRpbWUtU3RhbXAgUENBMB4XDTE1MDMyMDE3","// SIG // MzIwM1oXDTE2MDYyMDE3MzIwM1owgbMxCzAJBgNVBAYT","// SIG // AlVTMRMwEQYDVQQIEwpXYXNoaW5ndG9uMRAwDgYDVQQH","// SIG // EwdSZWRtb25kMR4wHAYDVQQKExVNaWNyb3NvZnQgQ29y","// SIG // cG9yYXRpb24xDTALBgNVBAsTBE1PUFIxJzAlBgNVBAsT","// SIG // Hm5DaXBoZXIgRFNFIEVTTjpCOEVDLTMwQTQtNzE0NDEl","// SIG // MCMGA1UEAxMcTWljcm9zb2Z0IFRpbWUtU3RhbXAgU2Vy","// SIG // dmljZTCCASIwDQYJKoZIhvcNAQEBBQADggEPADCCAQoC","// SIG // ggEBAOqRvbKI/RRvITYoA2YzOmYI+1tLpKugKDRKQzII","// SIG // wIblyT3VJbx7PmKH1n3vD3RTo/GRY4h0f+gkzQNQxfHK","// SIG // ABZ7pTmwBhw8RH7568SygbwXI7r9ZTgZhX/KoCn99jrA","// SIG // Cy9o9OA0Tn1vF8Bumar6f2El0SZw0nR932FzXM5UKjlR","// SIG // AzMJ+FCteMeJCLbUhSo/19gfUerv/GhetcHnB2gyjS9y","// SIG // Uf4DMUdRxdLrcgevIJX42mr4d2fkYJpwTKtFy34Ir+WB","// SIG // 1FfPOswTdZ0mzaCiaVC8OoiU37BUON6JOc2GMqWQD36/","// SIG // 7cyUJaZBhmEmx903flwN6BfKN3/oJLZOtPgbI+sCAwEA","// SIG // AaOCAQkwggEFMB0GA1UdDgQWBBT4/SOHBZSAVs0zpUHC","// SIG // bMwINsiyojAfBgNVHSMEGDAWgBQjNPjZUkZwCu1A+3b7","// SIG // syuwwzWzDzBUBgNVHR8ETTBLMEmgR6BFhkNodHRwOi8v","// SIG // Y3JsLm1pY3Jvc29mdC5jb20vcGtpL2NybC9wcm9kdWN0","// SIG // cy9NaWNyb3NvZnRUaW1lU3RhbXBQQ0EuY3JsMFgGCCsG","// SIG // AQUFBwEBBEwwSjBIBggrBgEFBQcwAoY8aHR0cDovL3d3","// SIG // dy5taWNyb3NvZnQuY29tL3BraS9jZXJ0cy9NaWNyb3Nv","// SIG // ZnRUaW1lU3RhbXBQQ0EuY3J0MBMGA1UdJQQMMAoGCCsG","// SIG // AQUFBwMIMA0GCSqGSIb3DQEBBQUAA4IBAQAtBLTKKQtZ","// SIG // /C7qoK9MTmgE+JLtKcJmzGtwyYfovof8XfTdT6Uab3iX","// SIG // rWsFOFFBcp055Bobw21x/HC208y2kFgEKD/WHu+DsxQY","// SIG // DJUL96URE5jGhVZe7jO0DDe1gOr1EmjZLnuGCHI7FHvU","// SIG // 2dAWT8AvCx8tyuUb0K7phLCPC11zuBaBQCNYLOphqv69","// SIG // f9ONWnD8ec1mlmVjtQUSduIqOyvtgqya7CdBp5cOIxaf","// SIG // QchObVMRQATMYJnamOwrrpf74H31uosA9CUXf2J6u1FX","// SIG // wfDwzZwbYXOtlYwrdiKoq3A4tAEofWZCU96f9Ad8WjAO","// SIG // ggNZ9oSGuRUlYrAL0s/x25ZFMIIE7DCCA9SgAwIBAgIT","// SIG // MwAAAMps1TISNcThVQABAAAAyjANBgkqhkiG9w0BAQUF","// SIG // ADB5MQswCQYDVQQGEwJVUzETMBEGA1UECBMKV2FzaGlu","// SIG // Z3RvbjEQMA4GA1UEBxMHUmVkbW9uZDEeMBwGA1UEChMV","// SIG // TWljcm9zb2Z0IENvcnBvcmF0aW9uMSMwIQYDVQQDExpN","// SIG // aWNyb3NvZnQgQ29kZSBTaWduaW5nIFBDQTAeFw0xNDA0","// SIG // MjIxNzM5MDBaFw0xNTA3MjIxNzM5MDBaMIGDMQswCQYD","// SIG // VQQGEwJVUzETMBEGA1UECBMKV2FzaGluZ3RvbjEQMA4G","// SIG // A1UEBxMHUmVkbW9uZDEeMBwGA1UEChMVTWljcm9zb2Z0","// SIG // IENvcnBvcmF0aW9uMQ0wCwYDVQQLEwRNT1BSMR4wHAYD","// SIG // VQQDExVNaWNyb3NvZnQgQ29ycG9yYXRpb24wggEiMA0G","// SIG // CSqGSIb3DQEBAQUAA4IBDwAwggEKAoIBAQCWcV3tBkb6","// SIG // hMudW7dGx7DhtBE5A62xFXNgnOuntm4aPD//ZeM08aal","// SIG // IV5WmWxY5JKhClzC09xSLwxlmiBhQFMxnGyPIX26+f4T","// SIG // UFJglTpbuVildGFBqZTgrSZOTKGXcEknXnxnyk8ecYRG","// SIG // vB1LtuIPxcYnyQfmegqlFwAZTHBFOC2BtFCqxWfR+nm8","// SIG // xcyhcpv0JTSY+FTfEjk4Ei+ka6Wafsdi0dzP7T00+Lnf","// SIG // NTC67HkyqeGprFVNTH9MVsMTC3bxB/nMR6z7iNVSpR4o","// SIG // +j0tz8+EmIZxZRHPhckJRIbhb+ex/KxARKWpiyM/gkmd","// SIG // 1ZZZUBNZGHP/QwytK9R/MEBnAgMBAAGjggFgMIIBXDAT","// SIG // BgNVHSUEDDAKBggrBgEFBQcDAzAdBgNVHQ4EFgQUH17i","// SIG // XVCNVoa+SjzPBOinh7XLv4MwUQYDVR0RBEowSKRGMEQx","// SIG // DTALBgNVBAsTBE1PUFIxMzAxBgNVBAUTKjMxNTk1K2I0","// SIG // MjE4ZjEzLTZmY2EtNDkwZi05YzQ3LTNmYzU1N2RmYzQ0","// SIG // MDAfBgNVHSMEGDAWgBTLEejK0rQWWAHJNy4zFha5TJoK","// SIG // HzBWBgNVHR8ETzBNMEugSaBHhkVodHRwOi8vY3JsLm1p","// SIG // Y3Jvc29mdC5jb20vcGtpL2NybC9wcm9kdWN0cy9NaWND","// SIG // b2RTaWdQQ0FfMDgtMzEtMjAxMC5jcmwwWgYIKwYBBQUH","// SIG // AQEETjBMMEoGCCsGAQUFBzAChj5odHRwOi8vd3d3Lm1p","// SIG // Y3Jvc29mdC5jb20vcGtpL2NlcnRzL01pY0NvZFNpZ1BD","// SIG // QV8wOC0zMS0yMDEwLmNydDANBgkqhkiG9w0BAQUFAAOC","// SIG // AQEAd1zr15E9zb17g9mFqbBDnXN8F8kP7Tbbx7UsG177","// SIG // VAU6g3FAgQmit3EmXtZ9tmw7yapfXQMYKh0nfgfpxWUf","// SIG // tc8Nt1THKDhaiOd7wRm2VjK64szLk9uvbg9dRPXUsO8b","// SIG // 1U7Brw7vIJvy4f4nXejF/2H2GdIoCiKd381wgp4Yctgj","// SIG // zHosQ+7/6sDg5h2qnpczAFJvB7jTiGzepAY1p8JThmUR","// SIG // dwmPNVm52IaoAP74MX0s9IwFncDB1XdybOlNWSaD8cKy","// SIG // iFeTNQB8UCu8Wfz+HCk4gtPeUpdFKRhOlludul8bo/En","// SIG // UOoHlehtNA04V9w3KDWVOjic1O1qhV0OIhFeezCCBbww","// SIG // ggOkoAMCAQICCmEzJhoAAAAAADEwDQYJKoZIhvcNAQEF","// SIG // BQAwXzETMBEGCgmSJomT8ixkARkWA2NvbTEZMBcGCgmS","// SIG // JomT8ixkARkWCW1pY3Jvc29mdDEtMCsGA1UEAxMkTWlj","// SIG // cm9zb2Z0IFJvb3QgQ2VydGlmaWNhdGUgQXV0aG9yaXR5","// SIG // MB4XDTEwMDgzMTIyMTkzMloXDTIwMDgzMTIyMjkzMlow","// SIG // eTELMAkGA1UEBhMCVVMxEzARBgNVBAgTCldhc2hpbmd0","// SIG // b24xEDAOBgNVBAcTB1JlZG1vbmQxHjAcBgNVBAoTFU1p","// SIG // Y3Jvc29mdCBDb3Jwb3JhdGlvbjEjMCEGA1UEAxMaTWlj","// SIG // cm9zb2Z0IENvZGUgU2lnbmluZyBQQ0EwggEiMA0GCSqG","// SIG // SIb3DQEBAQUAA4IBDwAwggEKAoIBAQCycllcGTBkvx2a","// SIG // YCAgQpl2U2w+G9ZvzMvx6mv+lxYQ4N86dIMaty+gMuz/","// SIG // 3sJCTiPVcgDbNVcKicquIEn08GisTUuNpb15S3GbRwfa","// SIG // /SXfnXWIz6pzRH/XgdvzvfI2pMlcRdyvrT3gKGiXGqel","// SIG // cnNW8ReU5P01lHKg1nZfHndFg4U4FtBzWwW6Z1KNpbJp","// SIG // L9oZC/6SdCnidi9U3RQwWfjSjWL9y8lfRjFQuScT5EAw","// SIG // z3IpECgixzdOPaAyPZDNoTgGhVxOVoIoKgUyt0vXT2Pn","// SIG // 0i1i8UU956wIAPZGoZ7RW4wmU+h6qkryRs83PDietHdc","// SIG // pReejcsRj1Y8wawJXwPTAgMBAAGjggFeMIIBWjAPBgNV","// SIG // HRMBAf8EBTADAQH/MB0GA1UdDgQWBBTLEejK0rQWWAHJ","// SIG // Ny4zFha5TJoKHzALBgNVHQ8EBAMCAYYwEgYJKwYBBAGC","// SIG // NxUBBAUCAwEAATAjBgkrBgEEAYI3FQIEFgQU/dExTtMm","// SIG // ipXhmGA7qDFvpjy82C0wGQYJKwYBBAGCNxQCBAweCgBT","// SIG // AHUAYgBDAEEwHwYDVR0jBBgwFoAUDqyCYEBWJ5flJRP8","// SIG // KuEKU5VZ5KQwUAYDVR0fBEkwRzBFoEOgQYY/aHR0cDov","// SIG // L2NybC5taWNyb3NvZnQuY29tL3BraS9jcmwvcHJvZHVj","// SIG // dHMvbWljcm9zb2Z0cm9vdGNlcnQuY3JsMFQGCCsGAQUF","// SIG // BwEBBEgwRjBEBggrBgEFBQcwAoY4aHR0cDovL3d3dy5t","// SIG // aWNyb3NvZnQuY29tL3BraS9jZXJ0cy9NaWNyb3NvZnRS","// SIG // b290Q2VydC5jcnQwDQYJKoZIhvcNAQEFBQADggIBAFk5","// SIG // Pn8mRq/rb0CxMrVq6w4vbqhJ9+tfde1MOy3XQ60L/svp","// SIG // LTGjI8x8UJiAIV2sPS9MuqKoVpzjcLu4tPh5tUly9z7q","// SIG // QX/K4QwXaculnCAt+gtQxFbNLeNK0rxw56gNogOlVuC4","// SIG // iktX8pVCnPHz7+7jhh80PLhWmvBTI4UqpIIck+KUBx3y","// SIG // 4k74jKHK6BOlkU7IG9KPcpUqcW2bGvgc8FPWZ8wi/1wd","// SIG // zaKMvSeyeWNWRKJRzfnpo1hW3ZsCRUQvX/TartSCMm78","// SIG // pJUT5Otp56miLL7IKxAOZY6Z2/Wi+hImCWU4lPF6H0q7","// SIG // 0eFW6NB4lhhcyTUWX92THUmOLb6tNEQc7hAVGgBd3TVb","// SIG // Ic6YxwnuhQ6MT20OE049fClInHLR82zKwexwo1eSV32U","// SIG // jaAbSANa98+jZwp0pTbtLS8XyOZyNxL0b7E8Z4L5UrKN","// SIG // MxZlHg6K3RDeZPRvzkbU0xfpecQEtNP7LN8fip6sCvsT","// SIG // J0Ct5PnhqX9GuwdgR2VgQE6wQuxO7bN2edgKNAltHIAx","// SIG // H+IOVN3lofvlRxCtZJj/UBYufL8FIXrilUEnacOTj5XJ","// SIG // jdibIa4NXJzwoq6GaIMMai27dmsAHZat8hZ79haDJLmI","// SIG // z2qoRzEvmtzjcT3XAH5iR9HOiMm4GPoOco3Boz2vAkBq","// SIG // /2mbluIQqBC0N1AI1sM9MIIGBzCCA++gAwIBAgIKYRZo","// SIG // NAAAAAAAHDANBgkqhkiG9w0BAQUFADBfMRMwEQYKCZIm","// SIG // iZPyLGQBGRYDY29tMRkwFwYKCZImiZPyLGQBGRYJbWlj","// SIG // cm9zb2Z0MS0wKwYDVQQDEyRNaWNyb3NvZnQgUm9vdCBD","// SIG // ZXJ0aWZpY2F0ZSBBdXRob3JpdHkwHhcNMDcwNDAzMTI1","// SIG // MzA5WhcNMjEwNDAzMTMwMzA5WjB3MQswCQYDVQQGEwJV","// SIG // UzETMBEGA1UECBMKV2FzaGluZ3RvbjEQMA4GA1UEBxMH","// SIG // UmVkbW9uZDEeMBwGA1UEChMVTWljcm9zb2Z0IENvcnBv","// SIG // cmF0aW9uMSEwHwYDVQQDExhNaWNyb3NvZnQgVGltZS1T","// SIG // dGFtcCBQQ0EwggEiMA0GCSqGSIb3DQEBAQUAA4IBDwAw","// SIG // ggEKAoIBAQCfoWyx39tIkip8ay4Z4b3i48WZUSNQrc7d","// SIG // GE4kD+7Rp9FMrXQwIBHrB9VUlRVJlBtCkq6YXDAm2gBr","// SIG // 6Hu97IkHD/cOBJjwicwfyzMkh53y9GccLPx754gd6udO","// SIG // o6HBI1PKjfpFzwnQXq/QsEIEovmmbJNn1yjcRlOwhtDl","// SIG // KEYuJ6yGT1VSDOQDLPtqkJAwbofzWTCd+n7Wl7PoIZd+","// SIG // +NIT8wi3U21StEWQn0gASkdmEScpZqiX5NMGgUqi+YSn","// SIG // EUcUCYKfhO1VeP4Bmh1QCIUAEDBG7bfeI0a7xC1Un68e","// SIG // eEExd8yb3zuDk6FhArUdDbH895uyAc4iS1T/+QXDwiAL","// SIG // AgMBAAGjggGrMIIBpzAPBgNVHRMBAf8EBTADAQH/MB0G","// SIG // A1UdDgQWBBQjNPjZUkZwCu1A+3b7syuwwzWzDzALBgNV","// SIG // HQ8EBAMCAYYwEAYJKwYBBAGCNxUBBAMCAQAwgZgGA1Ud","// SIG // IwSBkDCBjYAUDqyCYEBWJ5flJRP8KuEKU5VZ5KShY6Rh","// SIG // MF8xEzARBgoJkiaJk/IsZAEZFgNjb20xGTAXBgoJkiaJ","// SIG // k/IsZAEZFgltaWNyb3NvZnQxLTArBgNVBAMTJE1pY3Jv","// SIG // c29mdCBSb290IENlcnRpZmljYXRlIEF1dGhvcml0eYIQ","// SIG // ea0WoUqgpa1Mc1j0BxMuZTBQBgNVHR8ESTBHMEWgQ6BB","// SIG // hj9odHRwOi8vY3JsLm1pY3Jvc29mdC5jb20vcGtpL2Ny","// SIG // bC9wcm9kdWN0cy9taWNyb3NvZnRyb290Y2VydC5jcmww","// SIG // VAYIKwYBBQUHAQEESDBGMEQGCCsGAQUFBzAChjhodHRw","// SIG // Oi8vd3d3Lm1pY3Jvc29mdC5jb20vcGtpL2NlcnRzL01p","// SIG // Y3Jvc29mdFJvb3RDZXJ0LmNydDATBgNVHSUEDDAKBggr","// SIG // BgEFBQcDCDANBgkqhkiG9w0BAQUFAAOCAgEAEJeKw1wD","// SIG // RDbd6bStd9vOeVFNAbEudHFbbQwTq86+e4+4LtQSooxt","// SIG // YrhXAstOIBNQmd16QOJXu69YmhzhHQGGrLt48ovQ7DsB","// SIG // 7uK+jwoFyI1I4vBTFd1Pq5Lk541q1YDB5pTyBi+FA+mR","// SIG // KiQicPv2/OR4mS4N9wficLwYTp2OawpylbihOZxnLcVR","// SIG // DupiXD8WmIsgP+IHGjL5zDFKdjE9K3ILyOpwPf+FChPf","// SIG // wgphjvDXuBfrTot/xTUrXqO/67x9C0J71FNyIe4wyrt4","// SIG // ZVxbARcKFA7S2hSY9Ty5ZlizLS/n+YWGzFFW6J1wlGys","// SIG // OUzU9nm/qhh6YinvopspNAZ3GmLJPR5tH4LwC8csu89D","// SIG // s+X57H2146SodDW4TsVxIxImdgs8UoxxWkZDFLyzs7BN","// SIG // Z8ifQv+AeSGAnhUwZuhCEl4ayJ4iIdBD6Svpu/RIzCzU","// SIG // 2DKATCYqSCRfWupW76bemZ3KOm+9gSd0BhHudiG/m4LB","// SIG // J1S2sWo9iaF2YbRuoROmv6pH8BJv/YoybLL+31HIjCPJ","// SIG // Zr2dHYcSZAI9La9Zj7jkIeW1sMpjtHhUBdRBLlCslLCl","// SIG // eKuzoJZ1GtmShxN1Ii8yqAhuoFuMJb+g74TKIdbrHk/J","// SIG // mu5J4PcBZW+JC33Iacjmbuqnl84xKf8OxVtc2E0bodj6","// SIG // L54/LlUWa8kTo/0xggSJMIIEhQIBATCBkDB5MQswCQYD","// SIG // VQQGEwJVUzETMBEGA1UECBMKV2FzaGluZ3RvbjEQMA4G","// SIG // A1UEBxMHUmVkbW9uZDEeMBwGA1UEChMVTWljcm9zb2Z0","// SIG // IENvcnBvcmF0aW9uMSMwIQYDVQQDExpNaWNyb3NvZnQg","// SIG // Q29kZSBTaWduaW5nIFBDQQITMwAAAMps1TISNcThVQAB","// SIG // AAAAyjAJBgUrDgMCGgUAoIGiMBkGCSqGSIb3DQEJAzEM","// SIG // BgorBgEEAYI3AgEEMBwGCisGAQQBgjcCAQsxDjAMBgor","// SIG // BgEEAYI3AgEVMCMGCSqGSIb3DQEJBDEWBBRqQwhZ/KH3","// SIG // pWdu93vDXBBpIyeFczBCBgorBgEEAYI3AgEMMTQwMqAS","// SIG // gBAAcABsAGkAcwB0AC4AagBzoRyAGmh0dHA6Ly9leHBy","// SIG // ZXNzaW9uL3BsaXN0LmpzMA0GCSqGSIb3DQEBAQUABIIB","// SIG // AGXCmuUhSpqgptIHfWkf/m7LWjKyeoOpxS58czhJY3+N","// SIG // gQ+J0DINyotTECy/XeDkP/cJqJYe1Yc7CxA9qZYcNJSM","// SIG // S4CtK9TK5HKK24Q4EEuG3MC8dPXKgYEStzGQURGoKI1l","// SIG // jQ0mSAm/M/c6fCZ83ElxI5PKD/z8oFbJsbtMlCCfFjXj","// SIG // BGtgAGVGX14HCyTKoOVaq83FfcEOiRRmWBwcVNgEvNX7","// SIG // sPtvjDw17JzSr4jWAVd2B9QkR5HVz06zLwfoO0P3fcmQ","// SIG // +JWSR2Q3icfMARIZVCepjfGxHWnRAVdayQOC2c0euU8T","// SIG // g9v1zcGNNzPMSoLJyVqvx4TDbG0w2srBiNKhggIoMIIC","// SIG // JAYJKoZIhvcNAQkGMYICFTCCAhECAQEwgY4wdzELMAkG","// SIG // A1UEBhMCVVMxEzARBgNVBAgTCldhc2hpbmd0b24xEDAO","// SIG // BgNVBAcTB1JlZG1vbmQxHjAcBgNVBAoTFU1pY3Jvc29m","// SIG // dCBDb3Jwb3JhdGlvbjEhMB8GA1UEAxMYTWljcm9zb2Z0","// SIG // IFRpbWUtU3RhbXAgUENBAhMzAAAAcbMuimuCqh9OAAAA","// SIG // AABxMAkGBSsOAwIaBQCgXTAYBgkqhkiG9w0BCQMxCwYJ","// SIG // KoZIhvcNAQcBMBwGCSqGSIb3DQEJBTEPFw0xNTA0MjMw","// SIG // MjA4MjRaMCMGCSqGSIb3DQEJBDEWBBQv2qCfuYI8nHKU","// SIG // hwIQ5GVnSfjTaDANBgkqhkiG9w0BAQUFAASCAQCskF7M","// SIG // ot19MOzLYoAJ8jZOYBajgKj+hFfxExAyCK2eQqT+GGkG","// SIG // WsRGk0O1epKKFj6bdv/+aqfRoH8SKtBcX2mwMslnGvEn","// SIG // /23Vc0gC+LXKbHR8Ujec8fLG5H3trqnxI2gS9dyJzLdk","// SIG // ZYxMxmf0Uau17Dt3f4AM7mPfYKbqtPKGTaSzP7ja5L52","// SIG // jjy0+M1eegm/rqHtL6k+BRtbqwpvr8PcdZ3uRsJONgqP","// SIG // 0d77FDHJXTi9nxeQX/3r0YEzxDj8HqUPx2h08KTrh5A7","// SIG // 5OLkDPJ4SaY1fNlBaaTcMr58xAhaG7DbOryzWA/H8IyA","// SIG // N0VHwgWjMn5q6KZfq7EZWnRtadr1","// SIG // End signature block",""],"l":{"8":2,"14":0,"16":0,"18":0,"19":0,"20":0,"21":0,"23":0,"24":0,"25":0,"27":0,"28":0,"29":0,"30":0,"31":0,"32":0,"35":0,"36":0,"37":0,"38":0,"39":0,"40":0,"41":0,"42":0,"45":1,"46":0,"47":0,"48":0,"50":0}}}